============================= test session starts ==============================
platform linux -- Python 3.12.3, pytest-9.0.3, pluggy-1.6.0 -- /home/runner/work/telepact/telepact/test/runner/.venv/bin/python3
cachedir: .pytest_cache
rootdir: /home/runner/work/telepact/telepact/test/runner
configfile: pyproject.toml
collecting ... collected 6044 items

test_binary.py::test_binary_case[py-0] PASSED                            [  0%]
test_binary.py::test_binary_case[py-1] PASSED                            [  0%]
test_binary.py::test_binary_case[py-2] PASSED                            [  0%]
test_binary.py::test_binary_case[py-3] PASSED                            [  0%]
test_binary.py::test_binary_case[py-4] PASSED                            [  0%]
test_binary.py::test_binary_case[py-5] PASSED                            [  0%]
test_binary.py::test_binary_case[py-6] PASSED                            [  0%]
test_binary.py::test_binary_case[py-7] PASSED                            [  0%]
test_binary.py::test_binary_case[py-8] PASSED                            [  0%]
test_binary.py::test_binary_case[py-9] PASSED                            [  0%]
test_binary.py::test_binary_case[py-10] PASSED                           [  0%]
test_binary.py::test_binary_case[py-11] PASSED                           [  0%]
test_binary.py::test_binary_case[py-12] PASSED                           [  0%]
test_binary.py::test_binary_case[py-13] PASSED                           [  0%]
test_binary.py::test_binary_case[py-14] PASSED                           [  0%]
test_binary_client_server.py::test_binary_client_server_case[py-0] PASSED [  0%]
test_binary_client_server.py::test_binary_client_server_case[py-1] PASSED [  0%]
test_binary_client_server.py::test_binary_client_server_case[py-2] PASSED [  0%]
test_binary_client_server.py::test_binary_client_server_case[py-3] PASSED [  0%]
test_binary_client_server.py::test_binary_client_server_case[py-4] PASSED [  0%]
test_binary_client_server.py::test_binary_client_server_case[py-5] PASSED [  0%]
test_binary_client_server.py::test_binary_client_server_case[py-6] PASSED [  0%]
test_binary_client_server.py::test_binary_client_server_case[py-7] PASSED [  0%]
test_binary_client_server.py::test_binary_client_server_case[py-8] PASSED [  0%]
test_binary_client_server.py::test_binary_client_server_case[py-9] PASSED [  0%]
test_binary_client_server.py::test_binary_client_server_case[py-10] PASSED [  0%]
test_binary_client_server.py::test_binary_client_server_case[py-11] PASSED [  0%]
test_binary_client_server.py::test_binary_client_server_case[py-12] PASSED [  0%]
test_binary_client_server.py::test_binary_client_server_case[py-13] PASSED [  0%]
test_binary_client_server.py::test_binary_client_server_case[py-14] PASSED [  0%]
test_binary_client_server.py::test_binary_client_server_case[py-15] PASSED [  0%]
test_binary_client_server.py::test_binary_client_server_case[py-16] PASSED [  0%]
test_binary_client_server.py::test_binary_client_server_case[py-17] PASSED [  0%]
test_binary_client_server.py::test_binary_client_server_case[py-18] PASSED [  0%]
test_binary_client_server.py::test_binary_client_server_case[py-19] PASSED [  0%]
test_binary_client_server.py::test_binary_client_server_case[py-20] PASSED [  0%]
test_binary_client_server.py::test_binary_client_server_case[py-21] PASSED [  0%]
test_binary_client_server.py::test_binary_client_server_case[py-22] PASSED [  0%]
test_binary_client_server.py::test_binary_client_server_case[py-23] PASSED [  0%]
test_binary_client_server.py::test_binary_client_server_case[py-24] PASSED [  0%]
test_binary_client_server.py::test_binary_client_server_case[py-25] PASSED [  0%]
test_binary_client_server.py::test_binary_client_server_case[py-26] PASSED [  0%]
test_binary_client_server.py::test_binary_client_server_case[py-27] PASSED [  0%]
test_binary_client_server.py::test_binary_client_server_case[py-28] PASSED [  0%]
test_binary_client_server.py::test_binary_client_server_case[py-29] PASSED [  0%]
test_binary_client_server.py::test_binary_client_server_case[py-30] PASSED [  0%]
test_binary_client_server.py::test_binary_client_server_case[py-31] PASSED [  0%]
test_binary_client_server.py::test_binary_client_server_case[py-32] PASSED [  0%]
test_binary_client_server.py::test_binary_client_server_case[py-33] PASSED [  0%]
test_binary_client_server.py::test_binary_client_server_case[py-34] PASSED [  0%]
test_binary_client_server.py::test_binary_client_server_case[py-35] PASSED [  0%]
test_binary_client_server.py::test_binary_client_server_case[py-36] PASSED [  0%]
test_binary_client_server.py::test_binary_client_server_case[py-37] PASSED [  0%]
test_binary_client_server.py::test_binary_client_server_case[py-38] PASSED [  0%]
test_binary_client_server.py::test_binary_client_server_case[py-39] PASSED [  0%]
test_binary_client_server.py::test_binary_client_server_case[py-40] PASSED [  0%]
test_binary_client_server.py::test_binary_client_server_case[py-41] PASSED [  0%]
test_binary_client_server.py::test_binary_client_server_case[py-42] PASSED [  0%]
test_binary_client_server.py::test_binary_client_server_case[py-43] PASSED [  0%]
test_binary_client_server.py::test_binary_client_server_case[py-44] PASSED [  0%]
test_binary_client_server.py::test_binary_client_server_case[py-45] PASSED [  1%]
test_binary_client_server.py::test_binary_client_server_case[py-46] PASSED [  1%]
test_binary_client_server.py::test_binary_client_server_case[py-47] PASSED [  1%]
test_binary_client_server.py::test_binary_client_server_case[py-48] PASSED [  1%]
test_binary_client_server.py::test_binary_client_server_case[py-49] PASSED [  1%]
test_binary_client_server.py::test_binary_client_server_case[py-50] PASSED [  1%]
test_binary_client_server.py::test_binary_client_server_case[py-51] PASSED [  1%]
test_binary_client_server.py::test_binary_client_server_case[py-52] PASSED [  1%]
test_binary_client_server.py::test_binary_client_server_case[py-53] PASSED [  1%]
test_binary_client_server.py::test_binary_client_server_case[py-54] PASSED [  1%]
test_binary_client_server.py::test_binary_client_server_case[py-55] PASSED [  1%]
test_binary_client_server.py::test_binary_client_server_case[py-56] PASSED [  1%]
test_binary_client_server.py::test_binary_client_server_case[py-57] PASSED [  1%]
test_binary_client_server.py::test_binary_client_server_case[py-58] PASSED [  1%]
test_binary_client_server.py::test_binary_client_server_case[py-59] PASSED [  1%]
test_binary_client_server.py::test_binary_client_server_case[py-60] PASSED [  1%]
test_binary_client_server.py::test_binary_client_server_case[py-61] PASSED [  1%]
test_binary_client_server.py::test_binary_client_server_case[py-62] PASSED [  1%]
test_binary_client_server.py::test_binary_client_server_case[py-63] PASSED [  1%]
test_binary_client_server.py::test_binary_client_server_case[py-64] PASSED [  1%]
test_binary_client_server.py::test_binary_client_server_case[py-65] PASSED [  1%]
test_binary_client_server.py::test_binary_client_server_case[py-66] PASSED [  1%]
test_binary_client_server.py::test_binary_client_server_case[py-67] PASSED [  1%]
test_binary_client_server.py::test_binary_client_server_case[py-68] PASSED [  1%]
test_binary_client_server.py::test_binary_client_server_case[py-69] PASSED [  1%]
test_binary_client_server.py::test_binary_client_server_case[py-70] PASSED [  1%]
test_binary_client_server.py::test_binary_client_server_case[py-71] PASSED [  1%]
test_binary_client_server.py::test_binary_client_server_case[py-72] PASSED [  1%]
test_binary_client_server.py::test_binary_client_server_case[py-73] PASSED [  1%]
test_binary_client_server.py::test_binary_client_server_case[py-74] PASSED [  1%]
test_binary_client_server.py::test_binary_client_server_case[py-75] PASSED [  1%]
test_binary_client_server.py::test_binary_client_server_case[py-76] PASSED [  1%]
test_binary_client_server.py::test_binary_client_server_case[py-77] PASSED [  1%]
test_binary_client_server.py::test_binary_client_server_case[py-78] PASSED [  1%]
test_binary_client_server.py::test_binary_client_server_case[py-79] PASSED [  1%]
test_binary_client_server.py::test_binary_client_server_case[py-80] PASSED [  1%]
test_binary_client_server.py::test_binary_client_server_case[py-81] PASSED [  1%]
test_binary_client_server.py::test_binary_client_server_case[py-82] PASSED [  1%]
test_binary_client_server.py::test_binary_client_server_case[py-83] PASSED [  1%]
test_binary_client_server.py::test_binary_client_server_case[py-84] PASSED [  1%]
test_binary_client_server.py::test_binary_client_server_case[py-85] PASSED [  1%]
test_binary_client_server.py::test_binary_client_server_case[py-86] PASSED [  1%]
test_binary_client_server.py::test_binary_client_server_case[py-87] PASSED [  1%]
test_binary_client_server.py::test_binary_client_server_case[py-88] PASSED [  1%]
test_binary_client_server.py::test_binary_client_server_case[py-89] PASSED [  1%]
test_binary_client_server.py::test_binary_client_server_case[py-90] PASSED [  1%]
test_binary_client_server.py::test_binary_client_server_case[py-91] PASSED [  1%]
test_binary_client_server.py::test_binary_client_server_case[py-92] PASSED [  1%]
test_binary_client_server.py::test_binary_client_server_case[py-93] PASSED [  1%]
test_binary_client_server.py::test_binary_client_server_case[py-94] PASSED [  1%]
test_binary_client_server.py::test_binary_client_server_case[py-95] PASSED [  1%]
test_binary_client_server.py::test_binary_client_server_case[py-96] PASSED [  1%]
test_binary_client_server.py::test_binary_client_server_case[py-97] PASSED [  1%]
test_binary_client_server.py::test_binary_client_server_case[py-98] PASSED [  1%]
test_binary_client_server.py::test_binary_client_server_case[py-99] PASSED [  1%]
test_binary_client_server.py::test_binary_client_server_case[py-100] PASSED [  1%]
test_binary_client_server.py::test_binary_client_server_case[py-101] PASSED [  1%]
test_binary_client_server.py::test_binary_client_server_case[py-102] PASSED [  1%]
test_binary_client_server.py::test_binary_client_server_case[py-103] PASSED [  1%]
test_binary_client_server.py::test_binary_client_server_case[py-104] PASSED [  1%]
test_binary_client_server.py::test_binary_client_server_case[py-105] PASSED [  2%]
test_binary_client_server.py::test_binary_client_server_case[py-106] PASSED [  2%]
test_binary_client_server.py::test_binary_client_server_case[py-107] PASSED [  2%]
test_binary_client_server.py::test_binary_client_server_case[py-108] PASSED [  2%]
test_binary_client_server.py::test_binary_client_server_case[py-109] SKIPPED [  2%]
test_binary_client_server.py::test_binary_client_server_case[py-110] PASSED [  2%]
test_binary_client_server.py::test_binary_client_server_case[py-111] PASSED [  2%]
test_binary_client_server.py::test_binary_client_server_case[py-112] PASSED [  2%]
test_binary_client_server.py::test_binary_client_server_case[py-113] PASSED [  2%]
test_binary_client_server.py::test_binary_client_server_case[py-114] PASSED [  2%]
test_binary_client_server.py::test_binary_client_server_case[py-115] PASSED [  2%]
test_binary_client_server.py::test_binary_client_server_case[py-116] PASSED [  2%]
test_binary_client_server.py::test_binary_client_server_case[py-117] SKIPPED [  2%]
test_binary_client_server.py::test_binary_client_server_case[py-118] PASSED [  2%]
test_binary_client_server.py::test_binary_client_server_case[py-119] PASSED [  2%]
test_binary_client_server.py::test_binary_client_server_case[py-120] PASSED [  2%]
test_binary_client_server.py::test_binary_client_server_case[py-121] PASSED [  2%]
test_binary_client_server.py::test_binary_client_server_case[py-122] PASSED [  2%]
test_binary_client_server.py::test_binary_client_server_case[py-123] PASSED [  2%]
test_binary_client_server.py::test_binary_client_server_case[py-124] PASSED [  2%]
test_binary_client_server.py::test_binary_client_server_case[py-125] PASSED [  2%]
test_binary_client_server.py::test_binary_client_server_case[py-126] PASSED [  2%]
test_binary_client_server.py::test_binary_client_server_case[py-127] PASSED [  2%]
test_binary_client_server.py::test_binary_client_server_case[py-128] PASSED [  2%]
test_binary_client_server.py::test_binary_client_server_case[py-129] PASSED [  2%]
test_binary_client_server.py::test_binary_client_server_case[py-130] SKIPPED [  2%]
test_binary_client_server.py::test_binary_client_server_case[py-131] PASSED [  2%]
test_binary_client_server.py::test_binary_client_server_case[py-132] PASSED [  2%]
test_binary_client_server.py::test_binary_client_server_case[py-133] PASSED [  2%]
test_binary_client_server.py::test_binary_client_server_case[py-134] PASSED [  2%]
test_binary_client_server.py::test_binary_client_server_case[py-135] PASSED [  2%]
test_binary_client_server.py::test_binary_client_server_case[py-136] PASSED [  2%]
test_binary_client_server.py::test_binary_client_server_case[py-137] SKIPPED [  2%]
test_binary_client_server.py::test_binary_client_server_case[py-138] PASSED [  2%]
test_binary_client_server.py::test_binary_client_server_case[py-139] PASSED [  2%]
test_binary_client_server.py::test_binary_client_server_case[py-140] PASSED [  2%]
test_binary_client_server.py::test_binary_client_server_case[py-141] PASSED [  2%]
test_binary_client_server.py::test_binary_client_server_case[py-142] PASSED [  2%]
test_binary_client_server.py::test_binary_client_server_case[py-143] PASSED [  2%]
test_binary_client_server.py::test_binary_client_server_case[py-144] PASSED [  2%]
test_binary_client_server.py::test_binary_client_server_case[py-145] PASSED [  2%]
test_binary_client_server.py::test_binary_client_server_case[py-146] PASSED [  2%]
test_binary_client_server.py::test_binary_client_server_case[py-147] PASSED [  2%]
test_binary_client_server.py::test_binary_client_server_case[py-148] PASSED [  2%]
test_binary_client_server.py::test_binary_client_server_case[py-149] PASSED [  2%]
test_binary_client_server.py::test_binary_client_server_case[py-150] PASSED [  2%]
test_binary_client_server.py::test_binary_client_server_case[py-151] PASSED [  2%]
test_binary_client_server.py::test_binary_client_server_case[py-152] SKIPPED [  2%]
test_binary_client_server.py::test_binary_client_server_case[py-153] SKIPPED [  2%]
test_binary_client_server.py::test_binary_client_server_case[py-154] PASSED [  2%]
test_binary_client_server.py::test_binary_client_server_case[py-155] PASSED [  2%]
test_binary_client_server.py::test_binary_client_server_case[py-156] PASSED [  2%]
test_binary_client_server.py::test_binary_client_server_case[py-157] PASSED [  2%]
test_binary_client_server.py::test_binary_client_server_case[py-158] PASSED [  2%]
test_binary_client_server.py::test_binary_client_server_case[py-159] PASSED [  2%]
test_binary_client_server.py::test_binary_client_server_case[py-160] PASSED [  2%]
test_binary_client_server.py::test_binary_client_server_case[py-161] SKIPPED [  2%]
test_binary_client_server.py::test_binary_client_server_case[py-162] SKIPPED [  2%]
test_binary_client_server.py::test_binary_client_server_case[py-163] PASSED [  2%]
test_binary_client_server.py::test_binary_client_server_case[py-164] PASSED [  2%]
test_binary_client_server.py::test_binary_client_server_case[py-165] PASSED [  2%]
test_binary_client_server.py::test_binary_client_server_case[py-166] PASSED [  3%]
test_binary_client_server.py::test_binary_client_server_case[py-167] PASSED [  3%]
test_binary_client_server.py::test_binary_client_server_case[py-168] PASSED [  3%]
test_binary_client_server.py::test_binary_client_server_case[py-169] PASSED [  3%]
test_binary_client_server.py::test_binary_client_server_case[py-170] PASSED [  3%]
test_binary_client_server.py::test_binary_client_server_case[py-171] PASSED [  3%]
test_binary_client_server.py::test_binary_client_server_case[py-172] PASSED [  3%]
test_binary_client_server.py::test_binary_client_server_case[py-173] PASSED [  3%]
test_binary_client_server.py::test_binary_client_server_case[py-174] PASSED [  3%]
test_binary_client_server.py::test_binary_client_server_case[py-175] PASSED [  3%]
test_binary_client_server.py::test_binary_client_server_case[py-176] PASSED [  3%]
test_binary_client_server.py::test_binary_client_server_case[py-177] SKIPPED [  3%]
test_binary_client_server.py::test_binary_client_server_case[py-178] SKIPPED [  3%]
test_binary_client_server.py::test_binary_client_server_case[py-179] PASSED [  3%]
test_binary_client_server.py::test_binary_client_server_case[py-180] PASSED [  3%]
test_binary_client_server.py::test_binary_client_server_case[py-181] PASSED [  3%]
test_binary_client_server.py::test_binary_client_server_case[py-182] PASSED [  3%]
test_binary_client_server.py::test_binary_client_server_case[py-183] PASSED [  3%]
test_binary_client_server.py::test_binary_client_server_case[py-184] PASSED [  3%]
test_binary_client_server.py::test_binary_client_server_case[py-185] SKIPPED [  3%]
test_binary_client_server.py::test_binary_client_server_case[py-186] SKIPPED [  3%]
test_binary_client_server.py::test_binary_client_server_case[py-187] PASSED [  3%]
test_binary_client_server.py::test_binary_client_server_case[py-188] PASSED [  3%]
test_binary_client_server.py::test_binary_client_server_case[py-189] PASSED [  3%]
test_binary_client_server.py::test_binary_client_server_case[py-190] PASSED [  3%]
test_binary_client_server.py::test_binary_client_server_case[py-191] PASSED [  3%]
test_binary_client_server.py::test_binary_client_server_case[py-192] PASSED [  3%]
test_binary_client_server.py::test_binary_client_server_case[py-193] PASSED [  3%]
test_binary_client_server.py::test_binary_client_server_case[py-194] PASSED [  3%]
test_binary_client_server.py::test_binary_client_server_case[py-195] PASSED [  3%]
test_binary_client_server.py::test_binary_client_server_case[py-196] PASSED [  3%]
test_binary_client_server.py::test_binary_client_server_case[py-197] PASSED [  3%]
test_binary_client_server.py::test_binary_client_server_case[py-198] PASSED [  3%]
test_binary_client_server.py::test_binary_client_server_case[py-199] PASSED [  3%]
test_binary_client_server.py::test_binary_client_server_case[py-200] PASSED [  3%]
test_binary_client_server.py::test_binary_client_server_case[py-201] SKIPPED [  3%]
test_binary_client_server.py::test_binary_client_server_case[py-202] SKIPPED [  3%]
test_binary_client_server.py::test_binary_client_server_case[py-203] PASSED [  3%]
test_binary_client_server.py::test_binary_client_server_case[py-204] PASSED [  3%]
test_binary_client_server.py::test_binary_client_server_case[py-205] PASSED [  3%]
test_binary_client_server.py::test_binary_client_server_case[py-206] PASSED [  3%]
test_binary_client_server.py::test_binary_client_server_case[py-207] PASSED [  3%]
test_binary_client_server.py::test_binary_client_server_case[py-208] PASSED [  3%]
test_binary_client_server.py::test_binary_client_server_case[py-209] PASSED [  3%]
test_binary_client_server.py::test_binary_client_server_case[py-210] SKIPPED [  3%]
test_binary_client_server.py::test_binary_client_server_case[py-211] SKIPPED [  3%]
test_binary_client_server.py::test_binary_client_server_case[py-212] PASSED [  3%]
test_binary_client_server.py::test_binary_client_server_case[py-213] PASSED [  3%]
test_binary_client_server.py::test_binary_client_server_case[py-214] PASSED [  3%]
test_binary_client_server.py::test_binary_client_server_case[py-215] PASSED [  3%]
test_binary_client_server.py::test_binary_client_server_case[py-216] PASSED [  3%]
test_binary_client_server.py::test_binary_client_server_case[py-217] PASSED [  3%]
test_binary_client_server.py::test_binary_client_server_case[py-218] PASSED [  3%]
test_binary_client_server.py::test_binary_client_server_case[py-219] PASSED [  3%]
test_binary_client_server.py::test_binary_client_server_case[py-220] PASSED [  3%]
test_binary_client_server.py::test_binary_client_server_case[py-221] PASSED [  3%]
test_binary_client_server.py::test_binary_client_server_case[py-222] PASSED [  3%]
test_binary_client_server.py::test_binary_client_server_case[py-223] PASSED [  3%]
test_binary_client_server.py::test_binary_client_server_case[py-224] PASSED [  3%]
test_binary_client_server.py::test_binary_client_server_case[py-225] PASSED [  3%]
test_binary_client_server.py::test_binary_client_server_case[py-226] SKIPPED [  4%]
test_binary_client_server.py::test_binary_client_server_case[py-227] SKIPPED [  4%]
test_binary_client_server.py::test_binary_client_server_case[py-228] PASSED [  4%]
test_binary_client_server.py::test_binary_client_server_case[py-229] PASSED [  4%]
test_binary_client_server.py::test_binary_client_server_case[py-230] PASSED [  4%]
test_binary_client_server.py::test_binary_client_server_case[py-231] PASSED [  4%]
test_binary_client_server.py::test_binary_client_server_case[py-232] PASSED [  4%]
test_binary_client_server.py::test_binary_client_server_case[py-233] PASSED [  4%]
test_binary_client_server.py::test_binary_client_server_case[py-234] SKIPPED [  4%]
test_binary_client_server.py::test_binary_client_server_case[py-235] SKIPPED [  4%]
test_binary_client_server.py::test_binary_client_server_case[py-236] PASSED [  4%]
test_binary_client_server.py::test_binary_client_server_case[py-237] PASSED [  4%]
test_binary_client_server.py::test_binary_client_server_case[py-238] PASSED [  4%]
test_binary_client_server.py::test_binary_client_server_case[py-239] PASSED [  4%]
test_binary_client_server.py::test_binary_client_server_case[py-240] PASSED [  4%]
test_binary_client_server.py::test_binary_client_server_case[py-241] PASSED [  4%]
test_binary_client_server.py::test_binary_client_server_case[py-242] PASSED [  4%]
test_binary_client_server.py::test_binary_client_server_case[py-243] PASSED [  4%]
test_binary_client_server.py::test_binary_client_server_case[py-244] PASSED [  4%]
test_binary_client_server.py::test_binary_client_server_case[py-245] PASSED [  4%]
test_binary_client_server.py::test_binary_client_server_case[py-246] PASSED [  4%]
test_binary_client_server.py::test_binary_client_server_case[py-247] PASSED [  4%]
test_binary_client_server.py::test_binary_client_server_case[py-248] PASSED [  4%]
test_binary_client_server.py::test_binary_client_server_case[py-249] PASSED [  4%]
test_binary_client_server.py::test_binary_client_server_case[py-250] PASSED [  4%]
test_binary_client_server.py::test_binary_client_server_case[py-251] SKIPPED [  4%]
test_binary_client_server.py::test_binary_client_server_case[py-252] PASSED [  4%]
test_binary_client_server.py::test_binary_client_server_case[py-253] PASSED [  4%]
test_binary_client_server.py::test_binary_client_server_case[py-254] PASSED [  4%]
test_binary_client_server.py::test_binary_client_server_case[py-255] PASSED [  4%]
test_binary_client_server.py::test_binary_client_server_case[py-256] PASSED [  4%]
test_binary_client_server.py::test_binary_client_server_case[py-257] PASSED [  4%]
test_binary_client_server.py::test_binary_client_server_case[py-258] SKIPPED [  4%]
test_binary_client_server.py::test_binary_client_server_case[py-259] PASSED [  4%]
test_binary_client_server.py::test_binary_client_server_case[py-260] PASSED [  4%]
test_binary_client_server.py::test_binary_client_server_case[py-261] PASSED [  4%]
test_binary_client_server.py::test_binary_client_server_case[py-262] PASSED [  4%]
test_binary_client_server.py::test_binary_client_server_case[py-263] PASSED [  4%]
test_binary_client_server.py::test_binary_client_server_case[py-264] PASSED [  4%]
test_binary_client_server.py::test_binary_client_server_case[py-265] PASSED [  4%]
test_binary_client_server.py::test_binary_client_server_case[py-266] PASSED [  4%]
test_binary_client_server.py::test_binary_client_server_case[py-267] PASSED [  4%]
test_binary_client_server.py::test_binary_client_server_case[py-268] PASSED [  4%]
test_binary_client_server.py::test_binary_client_server_case[py-269] PASSED [  4%]
test_binary_client_server.py::test_binary_client_server_case[py-270] PASSED [  4%]
test_binary_client_server.py::test_binary_client_server_case[py-271] PASSED [  4%]
test_binary_client_server.py::test_binary_client_server_case[py-272] PASSED [  4%]
test_binary_client_server.py::test_binary_client_server_case[py-273] PASSED [  4%]
test_binary_client_server.py::test_binary_client_server_case[py-274] SKIPPED [  4%]
test_binary_client_server.py::test_binary_client_server_case[py-275] PASSED [  4%]
test_binary_client_server.py::test_binary_client_server_case[py-276] PASSED [  4%]
test_binary_client_server.py::test_binary_client_server_case[py-277] PASSED [  4%]
test_binary_client_server.py::test_binary_client_server_case[py-278] PASSED [  4%]
test_binary_client_server.py::test_binary_client_server_case[py-279] PASSED [  4%]
test_binary_client_server.py::test_binary_client_server_case[py-280] SKIPPED [  4%]
test_binary_client_server.py::test_binary_client_server_case[py-281] PASSED [  4%]
test_binary_client_server.py::test_binary_client_server_case[py-282] PASSED [  4%]
test_binary_client_server.py::test_binary_client_server_case[py-283] PASSED [  4%]
test_binary_client_server.py::test_binary_client_server_case[py-284] PASSED [  4%]
test_binary_client_server.py::test_binary_client_server_case[py-285] PASSED [  4%]
test_binary_client_server.py::test_binary_client_server_case[py-286] PASSED [  4%]
test_binary_client_server.py::test_binary_client_server_case[py-287] PASSED [  5%]
test_binary_client_server.py::test_binary_client_server_case[py-288] PASSED [  5%]
test_binary_client_server.py::test_binary_client_server_case[py-289] PASSED [  5%]
test_binary_client_server.py::test_binary_client_server_case[py-290] PASSED [  5%]
test_binary_client_server.py::test_binary_client_server_case[py-291] PASSED [  5%]
test_binary_client_server.py::test_binary_client_server_case[py-292] PASSED [  5%]
test_binary_client_server.py::test_binary_client_server_case[py-293] PASSED [  5%]
test_binary_client_server.py::test_binary_client_server_case[py-294] PASSED [  5%]
test_binary_client_server.py::test_binary_client_server_case[py-295] PASSED [  5%]
test_binary_client_server.py::test_binary_client_server_case[py-296] PASSED [  5%]
test_binary_client_server.py::test_binary_client_server_case[py-297] PASSED [  5%]
test_binary_client_server.py::test_binary_client_server_case[py-298] SKIPPED [  5%]
test_binary_client_server.py::test_binary_client_server_case[py-299] SKIPPED [  5%]
test_binary_client_server.py::test_binary_client_server_case[py-300] PASSED [  5%]
test_binary_client_server.py::test_binary_client_server_case[py-301] PASSED [  5%]
test_binary_client_server.py::test_binary_client_server_case[py-302] PASSED [  5%]
test_binary_client_server.py::test_binary_client_server_case[py-303] PASSED [  5%]
test_binary_client_server.py::test_binary_client_server_case[py-304] PASSED [  5%]
test_binary_client_server.py::test_binary_client_server_case[py-305] PASSED [  5%]
test_binary_client_server.py::test_binary_client_server_case[py-306] SKIPPED [  5%]
test_binary_client_server.py::test_binary_client_server_case[py-307] SKIPPED [  5%]
test_binary_client_server.py::test_binary_client_server_case[py-308] PASSED [  5%]
test_binary_client_server.py::test_binary_client_server_case[py-309] PASSED [  5%]
test_binary_client_server.py::test_binary_client_server_case[py-310] PASSED [  5%]
test_binary_client_server.py::test_binary_client_server_case[py-311] PASSED [  5%]
test_binary_client_server.py::test_binary_client_server_case[py-312] PASSED [  5%]
test_binary_client_server.py::test_binary_client_server_case[py-313] PASSED [  5%]
test_binary_client_server.py::test_binary_client_server_case[py-314] PASSED [  5%]
test_binary_client_server.py::test_binary_client_server_case[py-315] PASSED [  5%]
test_binary_client_server.py::test_binary_client_server_case[py-316] PASSED [  5%]
test_binary_client_server.py::test_binary_client_server_case[py-317] PASSED [  5%]
test_binary_client_server.py::test_binary_client_server_case[py-318] PASSED [  5%]
test_binary_client_server.py::test_binary_client_server_case[py-319] PASSED [  5%]
test_binary_client_server.py::test_binary_client_server_case[py-320] PASSED [  5%]
test_binary_client_server.py::test_binary_client_server_case[py-321] PASSED [  5%]
test_binary_client_server.py::test_binary_client_server_case[py-322] PASSED [  5%]
test_binary_client_server.py::test_binary_client_server_case[py-323] PASSED [  5%]
test_binary_client_server.py::test_binary_client_server_case[py-324] PASSED [  5%]
test_binary_client_server.py::test_binary_client_server_case[py-325] SKIPPED [  5%]
test_binary_client_server.py::test_binary_client_server_case[py-326] SKIPPED [  5%]
test_binary_client_server.py::test_binary_client_server_case[py-327] PASSED [  5%]
test_binary_client_server.py::test_binary_client_server_case[py-328] PASSED [  5%]
test_binary_client_server.py::test_binary_client_server_case[py-329] PASSED [  5%]
test_binary_client_server.py::test_binary_client_server_case[py-330] PASSED [  5%]
test_binary_client_server.py::test_binary_client_server_case[py-331] PASSED [  5%]
test_binary_client_server.py::test_binary_client_server_case[py-332] SKIPPED [  5%]
test_binary_client_server.py::test_binary_client_server_case[py-333] SKIPPED [  5%]
test_binary_client_server.py::test_binary_client_server_case[py-334] PASSED [  5%]
test_binary_client_server.py::test_binary_client_server_case[py-335] PASSED [  5%]
test_binary_client_server.py::test_binary_client_server_case[py-336] PASSED [  5%]
test_binary_client_server.py::test_binary_client_server_case[py-337] PASSED [  5%]
test_binary_client_server.py::test_binary_client_server_case[py-338] PASSED [  5%]
test_binary_client_server.py::test_binary_client_server_case[py-339] PASSED [  5%]
test_binary_client_server.py::test_binary_client_server_case[py-340] PASSED [  5%]
test_binary_client_server.py::test_binary_client_server_case[py-341] PASSED [  5%]
test_binary_client_server.py::test_binary_client_server_case[py-342] PASSED [  5%]
test_binary_client_server.py::test_binary_client_server_case[py-343] PASSED [  5%]
test_binary_client_server.py::test_binary_client_server_case[py-344] PASSED [  5%]
test_binary_client_server.py::test_binary_client_server_case[py-345] PASSED [  5%]
test_binary_client_server.py::test_binary_client_server_case[py-346] PASSED [  5%]
test_binary_client_server.py::test_binary_client_server_case[py-347] PASSED [  6%]
test_binary_client_server.py::test_binary_client_server_case[py-348] PASSED [  6%]
test_binary_client_server.py::test_binary_client_server_case[py-349] PASSED [  6%]
test_binary_client_server.py::test_binary_client_server_case[py-350] PASSED [  6%]
test_binary_client_server.py::test_binary_client_server_case[py-351] SKIPPED [  6%]
test_binary_client_server.py::test_binary_client_server_case[py-352] SKIPPED [  6%]
test_binary_client_server.py::test_binary_client_server_case[py-353] PASSED [  6%]
test_binary_client_server.py::test_binary_client_server_case[py-354] PASSED [  6%]
test_binary_client_server.py::test_binary_client_server_case[py-355] PASSED [  6%]
test_binary_client_server.py::test_binary_client_server_case[py-356] PASSED [  6%]
test_binary_client_server.py::test_binary_client_server_case[py-357] PASSED [  6%]
test_binary_client_server.py::test_binary_client_server_case[py-358] PASSED [  6%]
test_binary_client_server.py::test_binary_client_server_case[py-359] SKIPPED [  6%]
test_binary_client_server.py::test_binary_client_server_case[py-360] SKIPPED [  6%]
test_binary_client_server.py::test_binary_client_server_case[py-361] PASSED [  6%]
test_binary_client_server.py::test_binary_client_server_case[py-362] PASSED [  6%]
test_binary_client_server.py::test_binary_client_server_case[py-363] PASSED [  6%]
test_binary_client_server.py::test_binary_client_server_case[py-364] PASSED [  6%]
test_binary_client_server.py::test_binary_client_server_case[py-365] PASSED [  6%]
test_binary_client_server.py::test_binary_client_server_case[py-366] PASSED [  6%]
test_binary_client_server.py::test_binary_client_server_case[py-367] PASSED [  6%]
test_binary_client_server.py::test_binary_client_server_case[py-368] PASSED [  6%]
test_binary_client_server.py::test_binary_client_server_case[py-369] PASSED [  6%]
test_binary_client_server.py::test_binary_client_server_case[py-370] PASSED [  6%]
test_binary_client_server.py::test_binary_client_server_case[py-371] PASSED [  6%]
test_binary_client_server.py::test_binary_client_server_case[py-372] PASSED [  6%]
test_binary_client_server.py::test_binary_client_server_case[py-373] PASSED [  6%]
test_binary_client_server.py::test_binary_client_server_case[py-374] PASSED [  6%]
test_binary_client_server.py::test_binary_client_server_case[py-375] PASSED [  6%]
test_binary_client_server.py::test_binary_client_server_case[py-376] PASSED [  6%]
test_binary_client_server.py::test_binary_client_server_case[py-377] PASSED [  6%]
test_binary_client_server.py::test_binary_client_server_case[py-378] SKIPPED [  6%]
test_binary_client_server.py::test_binary_client_server_case[py-379] SKIPPED [  6%]
test_binary_client_server.py::test_binary_client_server_case[py-380] PASSED [  6%]
test_binary_client_server.py::test_binary_client_server_case[py-381] PASSED [  6%]
test_binary_client_server.py::test_binary_client_server_case[py-382] PASSED [  6%]
test_binary_client_server.py::test_binary_client_server_case[py-383] PASSED [  6%]
test_binary_client_server.py::test_binary_client_server_case[py-384] PASSED [  6%]
test_binary_client_server.py::test_binary_client_server_case[py-385] SKIPPED [  6%]
test_binary_client_server.py::test_binary_client_server_case[py-386] SKIPPED [  6%]
test_binary_client_server.py::test_binary_client_server_case[py-387] PASSED [  6%]
test_binary_client_server.py::test_binary_client_server_case[py-388] PASSED [  6%]
test_binary_client_server.py::test_binary_client_server_case[py-389] PASSED [  6%]
test_binary_client_server.py::test_binary_client_server_case[py-390] PASSED [  6%]
test_binary_client_server.py::test_binary_client_server_case[py-391] PASSED [  6%]
test_binary_client_server.py::test_binary_client_server_case[py-392] PASSED [  6%]
test_binary_client_server.py::test_binary_client_server_case[py-393] PASSED [  6%]
test_binary_client_server.py::test_binary_client_server_case[py-394] PASSED [  6%]
test_binary_client_server.py::test_binary_client_server_case[py-395] PASSED [  6%]
test_binary_client_server.py::test_binary_client_server_case[py-396] PASSED [  6%]
test_binary_client_server.py::test_binary_client_server_case[py-397] PASSED [  6%]
test_binary_client_server.py::test_binary_client_server_case[py-398] PASSED [  6%]
test_binary_client_server.py::test_binary_client_server_case[py-399] PASSED [  6%]
test_binary_client_server.py::test_binary_client_server_case[py-400] PASSED [  6%]
test_binary_client_server.py::test_binary_client_server_case[py-401] PASSED [  6%]
test_binary_client_server.py::test_binary_client_server_case[py-402] PASSED [  6%]
test_binary_client_server.py::test_binary_client_server_case[py-403] PASSED [  6%]
test_binary_client_server.py::test_binary_client_server_case[py-404] PASSED [  6%]
test_binary_client_server.py::test_binary_client_server_case[py-405] PASSED [  6%]
test_binary_client_server.py::test_binary_client_server_case[py-406] PASSED [  6%]
test_binary_client_server.py::test_binary_client_server_case[py-407] PASSED [  6%]
test_binary_client_server.py::test_binary_client_server_case[py-408] PASSED [  7%]
test_binary_client_server.py::test_binary_client_server_case[py-409] PASSED [  7%]
test_binary_client_server.py::test_binary_client_server_case[py-410] PASSED [  7%]
test_binary_client_server.py::test_binary_client_server_case[py-411] PASSED [  7%]
test_binary_client_server.py::test_binary_client_server_case[py-412] PASSED [  7%]
test_binary_client_server.py::test_binary_client_server_case[py-413] PASSED [  7%]
test_binary_client_server.py::test_binary_client_server_case[py-414] PASSED [  7%]
test_binary_client_server.py::test_binary_client_server_case[py-415] PASSED [  7%]
test_binary_client_server.py::test_binary_client_server_case[py-416] PASSED [  7%]
test_binary_client_server.py::test_binary_client_server_case[py-417] PASSED [  7%]
test_binary_client_server.py::test_binary_client_server_case[py-418] PASSED [  7%]
test_binary_client_server.py::test_binary_client_server_case[py-419] PASSED [  7%]
test_binary_client_server.py::test_binary_client_server_case[py-420] PASSED [  7%]
test_binary_client_server.py::test_binary_client_server_case[py-421] PASSED [  7%]
test_binary_client_server.py::test_binary_client_server_case[py-422] PASSED [  7%]
test_binary_client_server.py::test_binary_client_server_case[py-423] PASSED [  7%]
test_binary_client_server.py::test_binary_client_server_case[py-424] PASSED [  7%]
test_binary_client_server.py::test_binary_client_server_case[py-425] PASSED [  7%]
test_binary_client_server.py::test_binary_client_server_case[py-426] PASSED [  7%]
test_binary_client_server.py::test_binary_client_server_case[py-427] PASSED [  7%]
test_binary_client_server.py::test_binary_client_server_case[py-428] PASSED [  7%]
test_binary_client_server.py::test_binary_client_server_case[py-429] PASSED [  7%]
test_binary_client_server.py::test_binary_client_server_case[py-430] PASSED [  7%]
test_binary_client_server.py::test_binary_client_server_case[py-431] PASSED [  7%]
test_binary_client_server.py::test_binary_client_server_case[py-432] PASSED [  7%]
test_binary_client_server.py::test_binary_client_server_case[py-433] PASSED [  7%]
test_binary_client_server.py::test_binary_client_server_case[py-434] PASSED [  7%]
test_binary_client_server.py::test_binary_client_server_case[py-435] PASSED [  7%]
test_binary_client_server.py::test_binary_client_server_case[py-436] PASSED [  7%]
test_binary_client_server.py::test_binary_client_server_case[py-437] PASSED [  7%]
test_binary_client_server.py::test_binary_client_server_case[py-438] PASSED [  7%]
test_binary_client_server.py::test_binary_client_server_case[py-439] PASSED [  7%]
test_binary_client_server.py::test_binary_client_server_case[py-440] PASSED [  7%]
test_binary_client_server.py::test_binary_client_server_case[py-441] PASSED [  7%]
test_binary_client_server.py::test_binary_client_server_case[py-442] PASSED [  7%]
test_binary_client_server.py::test_binary_client_server_case[py-443] PASSED [  7%]
test_binary_client_server.py::test_binary_client_server_case[py-444] PASSED [  7%]
test_binary_client_server.py::test_binary_client_server_case[py-445] PASSED [  7%]
test_binary_client_server.py::test_binary_client_server_case[py-446] PASSED [  7%]
test_binary_client_server.py::test_binary_client_server_case[py-447] PASSED [  7%]
test_binary_client_server.py::test_binary_client_server_case[py-448] PASSED [  7%]
test_binary_client_server.py::test_binary_client_server_case[py-449] PASSED [  7%]
test_binary_client_server.py::test_binary_client_server_case[py-450] PASSED [  7%]
test_binary_client_server.py::test_binary_client_server_case[py-451] PASSED [  7%]
test_binary_client_server.py::test_binary_client_server_case[py-452] PASSED [  7%]
test_binary_client_server.py::test_binary_client_server_case[py-453] PASSED [  7%]
test_binary_client_server.py::test_binary_client_server_case[py-454] PASSED [  7%]
test_binary_client_server.py::test_binary_client_server_case[py-455] PASSED [  7%]
test_binary_client_server.py::test_binary_client_server_case[py-456] PASSED [  7%]
test_binary_client_server.py::test_binary_client_server_case[py-457] PASSED [  7%]
test_binary_client_server.py::test_binary_client_server_case[py-458] PASSED [  7%]
test_binary_client_server.py::test_binary_client_server_case[py-459] PASSED [  7%]
test_binary_client_server.py::test_binary_client_server_case[py-460] PASSED [  7%]
test_binary_client_server.py::test_binary_client_server_case[py-461] PASSED [  7%]
test_binary_client_server.py::test_binary_client_server_case[py-462] PASSED [  7%]
test_binary_client_server.py::test_binary_client_server_case[py-463] PASSED [  7%]
test_binary_client_server.py::test_binary_client_server_case[py-464] PASSED [  7%]
test_binary_client_server.py::test_binary_client_server_case[py-465] PASSED [  7%]
test_binary_client_server.py::test_binary_client_server_case[py-466] PASSED [  7%]
test_binary_client_server.py::test_binary_client_server_case[py-467] PASSED [  7%]
test_binary_client_server.py::test_binary_client_server_case[py-468] PASSED [  8%]
test_binary_client_server.py::test_binary_client_server_case[py-469] PASSED [  8%]
test_binary_client_server.py::test_binary_client_server_case[py-470] PASSED [  8%]
test_binary_client_server.py::test_binary_client_server_case[py-471] PASSED [  8%]
test_binary_client_server.py::test_binary_client_server_case[py-472] PASSED [  8%]
test_binary_client_server.py::test_binary_client_server_case[py-473] PASSED [  8%]
test_binary_client_server.py::test_binary_client_server_case[py-474] PASSED [  8%]
test_binary_client_server.py::test_binary_client_server_case[py-475] PASSED [  8%]
test_binary_client_server.py::test_binary_client_server_case[py-476] PASSED [  8%]
test_binary_client_server.py::test_binary_client_server_case[py-477] PASSED [  8%]
test_binary_client_server.py::test_binary_client_server_case[py-478] PASSED [  8%]
test_binary_client_server.py::test_binary_client_server_case[py-479] PASSED [  8%]
test_binary_client_server.py::test_binary_client_server_case[py-480] PASSED [  8%]
test_binary_client_server.py::test_binary_client_server_case[py-481] PASSED [  8%]
test_binary_client_server.py::test_binary_client_server_case[py-482] PASSED [  8%]
test_binary_client_server.py::test_binary_client_server_case[py-483] PASSED [  8%]
test_binary_client_server.py::test_binary_client_server_case[py-484] PASSED [  8%]
test_binary_client_server.py::test_binary_client_server_case[py-485] PASSED [  8%]
test_binary_client_server.py::test_binary_client_server_case[py-486] PASSED [  8%]
test_binary_client_server.py::test_binary_client_server_case[py-487] PASSED [  8%]
test_binary_client_server.py::test_binary_client_server_case[py-488] PASSED [  8%]
test_binary_client_server.py::test_binary_client_server_case[py-489] PASSED [  8%]
test_binary_client_server.py::test_binary_client_server_case[py-490] PASSED [  8%]
test_binary_client_server.py::test_binary_client_server_case[py-491] PASSED [  8%]
test_binary_client_server.py::test_binary_client_server_case[py-492] PASSED [  8%]
test_binary_client_server.py::test_binary_client_server_case[py-493] PASSED [  8%]
test_binary_client_server.py::test_binary_client_server_case[py-494] PASSED [  8%]
test_binary_client_server.py::test_binary_client_server_case[py-495] PASSED [  8%]
test_binary_client_server.py::test_binary_client_server_case[py-496] PASSED [  8%]
test_binary_client_server.py::test_binary_client_server_case[py-497] PASSED [  8%]
test_binary_client_server.py::test_binary_client_server_case[py-498] PASSED [  8%]
test_binary_client_server.py::test_binary_client_server_case[py-499] PASSED [  8%]
test_binary_client_server.py::test_binary_client_server_case[py-500] PASSED [  8%]
test_binary_client_server.py::test_binary_client_server_case[py-501] PASSED [  8%]
test_binary_client_server.py::test_binary_client_server_case[py-502] PASSED [  8%]
test_binary_client_server.py::test_binary_client_server_case[py-503] PASSED [  8%]
test_binary_client_server.py::test_binary_client_server_case[py-504] PASSED [  8%]
test_binary_client_server.py::test_binary_client_server_case[py-505] PASSED [  8%]
test_binary_client_server.py::test_binary_client_server_case[py-506] PASSED [  8%]
test_binary_client_server.py::test_binary_client_server_case[py-507] PASSED [  8%]
test_binary_client_server.py::test_binary_client_server_case[py-508] PASSED [  8%]
test_binary_client_server.py::test_binary_client_server_case[py-509] PASSED [  8%]
test_binary_client_server.py::test_binary_client_server_case[py-510] PASSED [  8%]
test_binary_client_server.py::test_binary_client_server_case[py-511] PASSED [  8%]
test_binary_client_server.py::test_binary_client_server_case[py-512] PASSED [  8%]
test_binary_client_server.py::test_binary_client_server_case[py-513] PASSED [  8%]
test_binary_client_server.py::test_binary_client_server_case[py-514] PASSED [  8%]
test_binary_client_server.py::test_binary_client_server_case[py-515] PASSED [  8%]
test_binary_client_server.py::test_binary_client_server_case[py-516] PASSED [  8%]
test_binary_client_server.py::test_binary_client_server_case[py-517] PASSED [  8%]
test_binary_client_server.py::test_binary_client_server_case[py-518] PASSED [  8%]
test_binary_client_server.py::test_binary_client_server_case[py-519] PASSED [  8%]
test_binary_client_server.py::test_binary_client_server_case[py-520] PASSED [  8%]
test_binary_client_server.py::test_binary_client_server_case[py-521] PASSED [  8%]
test_binary_client_server.py::test_binary_client_server_case[py-522] PASSED [  8%]
test_binary_client_server.py::test_binary_client_server_case[py-523] PASSED [  8%]
test_binary_client_server.py::test_binary_client_server_case[py-524] PASSED [  8%]
test_binary_client_server.py::test_binary_client_server_case[py-525] PASSED [  8%]
test_binary_client_server.py::test_binary_client_server_case[py-526] PASSED [  8%]
test_binary_client_server.py::test_binary_client_server_case[py-527] PASSED [  8%]
test_binary_client_server.py::test_binary_client_server_case[py-528] PASSED [  9%]
test_binary_client_server.py::test_binary_client_server_case[py-529] PASSED [  9%]
test_binary_client_server.py::test_binary_client_server_case[py-530] PASSED [  9%]
test_binary_client_server.py::test_binary_client_server_case[py-531] PASSED [  9%]
test_binary_client_server.py::test_binary_client_server_case[py-532] PASSED [  9%]
test_binary_client_server.py::test_binary_client_server_case[py-533] PASSED [  9%]
test_binary_client_server.py::test_binary_client_server_case[py-534] PASSED [  9%]
test_binary_client_server.py::test_binary_client_server_case[py-535] PASSED [  9%]
test_binary_client_server.py::test_binary_client_server_case[py-536] PASSED [  9%]
test_binary_client_server.py::test_binary_client_server_case[py-537] PASSED [  9%]
test_binary_client_server.py::test_binary_client_server_case[py-538] PASSED [  9%]
test_binary_client_server.py::test_binary_client_server_case[py-539] PASSED [  9%]
test_binary_client_server.py::test_binary_client_server_case[py-540] PASSED [  9%]
test_binary_client_server.py::test_binary_client_server_case[py-541] PASSED [  9%]
test_binary_client_server.py::test_binary_client_server_case[py-542] PASSED [  9%]
test_binary_client_server.py::test_binary_client_server_case[py-543] PASSED [  9%]
test_binary_client_server.py::test_binary_client_server_case[py-544] PASSED [  9%]
test_binary_client_server.py::test_binary_client_server_case[py-545] PASSED [  9%]
test_binary_client_server.py::test_binary_client_server_case[py-546] PASSED [  9%]
test_binary_client_server.py::test_binary_client_server_case[py-547] PASSED [  9%]
test_binary_client_server.py::test_binary_client_server_case[py-548] PASSED [  9%]
test_binary_client_server.py::test_binary_client_server_case[py-549] PASSED [  9%]
test_binary_client_server.py::test_binary_client_server_case[py-550] PASSED [  9%]
test_binary_client_server.py::test_binary_client_server_case[py-551] PASSED [  9%]
test_binary_client_server.py::test_binary_client_server_case[py-552] PASSED [  9%]
test_binary_client_server.py::test_binary_client_server_case[py-553] PASSED [  9%]
test_binary_client_server.py::test_binary_client_server_case[py-554] PASSED [  9%]
test_binary_client_server.py::test_binary_client_server_case[py-555] PASSED [  9%]
test_binary_client_server.py::test_binary_client_server_case[py-556] PASSED [  9%]
test_binary_client_server.py::test_binary_client_server_case[py-557] PASSED [  9%]
test_binary_client_server.py::test_binary_client_server_case[py-558] PASSED [  9%]
test_binary_client_server.py::test_binary_client_server_case[py-559] PASSED [  9%]
test_binary_client_server.py::test_binary_client_server_case[py-560] PASSED [  9%]
test_binary_client_server.py::test_binary_client_server_case[py-561] PASSED [  9%]
test_binary_client_server.py::test_binary_client_server_case[py-562] PASSED [  9%]
test_binary_client_server.py::test_binary_client_server_case[py-563] PASSED [  9%]
test_binary_client_server.py::test_binary_client_server_case[py-564] PASSED [  9%]
test_binary_client_server.py::test_binary_client_server_case[py-565] PASSED [  9%]
test_binary_client_server.py::test_binary_client_server_case[py-566] PASSED [  9%]
test_binary_client_server.py::test_binary_client_server_case[py-567] PASSED [  9%]
test_binary_client_server.py::test_binary_client_server_case[py-568] PASSED [  9%]
test_binary_client_server.py::test_binary_client_server_case[py-569] PASSED [  9%]
test_binary_client_server.py::test_binary_client_server_case[py-570] PASSED [  9%]
test_binary_client_server.py::test_binary_client_server_case[py-571] PASSED [  9%]
test_binary_client_server.py::test_binary_client_server_case[py-572] PASSED [  9%]
test_binary_client_server.py::test_binary_client_server_case[py-573] PASSED [  9%]
test_binary_client_server.py::test_binary_client_server_case[py-574] PASSED [  9%]
test_binary_client_server.py::test_binary_client_server_case[py-575] PASSED [  9%]
test_binary_client_server.py::test_binary_client_server_case[py-576] PASSED [  9%]
test_binary_client_server.py::test_binary_client_server_case[py-577] PASSED [  9%]
test_binary_client_server.py::test_binary_client_server_case[py-578] PASSED [  9%]
test_binary_client_server.py::test_binary_client_server_case[py-579] PASSED [  9%]
test_binary_client_server.py::test_binary_client_server_case[py-580] PASSED [  9%]
test_binary_client_server.py::test_binary_client_server_case[py-581] PASSED [  9%]
test_binary_client_server.py::test_binary_client_server_case[py-582] PASSED [  9%]
test_binary_client_server.py::test_binary_client_server_case[py-583] PASSED [  9%]
test_binary_client_server.py::test_binary_client_server_case[py-584] PASSED [  9%]
test_binary_client_server.py::test_binary_client_server_case[py-585] PASSED [  9%]
test_binary_client_server.py::test_binary_client_server_case[py-586] PASSED [  9%]
test_binary_client_server.py::test_binary_client_server_case[py-587] PASSED [  9%]
test_binary_client_server.py::test_binary_client_server_case[py-588] PASSED [  9%]
test_binary_client_server.py::test_binary_client_server_case[py-589] PASSED [ 10%]
test_binary_client_server.py::test_binary_client_server_case[py-590] PASSED [ 10%]
test_binary_client_server.py::test_binary_client_server_case[py-591] PASSED [ 10%]
test_binary_client_server.py::test_binary_client_server_case[py-592] PASSED [ 10%]
test_binary_client_server.py::test_binary_client_server_case[py-593] PASSED [ 10%]
test_binary_client_server.py::test_binary_client_server_case[py-594] PASSED [ 10%]
test_binary_client_server.py::test_binary_client_server_case[py-595] PASSED [ 10%]
test_binary_client_server.py::test_binary_client_server_case[py-596] PASSED [ 10%]
test_binary_client_server.py::test_binary_client_server_case[py-597] PASSED [ 10%]
test_binary_client_server.py::test_binary_client_server_case[py-598] PASSED [ 10%]
test_binary_client_server.py::test_binary_client_server_case[py-599] PASSED [ 10%]
test_binary_client_server.py::test_binary_client_server_case[py-600] PASSED [ 10%]
test_binary_client_server.py::test_binary_client_server_case[py-601] PASSED [ 10%]
test_binary_client_server.py::test_binary_client_server_case[py-602] PASSED [ 10%]
test_binary_client_server.py::test_binary_client_server_case[py-603] PASSED [ 10%]
test_binary_client_server.py::test_binary_client_server_case[py-604] PASSED [ 10%]
test_binary_client_server.py::test_binary_client_server_case[py-605] PASSED [ 10%]
test_binary_client_server.py::test_binary_client_server_case[py-606] PASSED [ 10%]
test_binary_client_server.py::test_binary_client_server_case[py-607] PASSED [ 10%]
test_binary_client_server.py::test_binary_client_server_case[py-608] PASSED [ 10%]
test_binary_client_server.py::test_binary_client_server_case[py-609] PASSED [ 10%]
test_binary_client_server.py::test_binary_client_server_case[py-610] PASSED [ 10%]
test_binary_client_server.py::test_binary_client_server_case[py-611] PASSED [ 10%]
test_binary_client_server.py::test_binary_client_server_case[py-612] PASSED [ 10%]
test_binary_client_server.py::test_binary_client_server_case[py-613] PASSED [ 10%]
test_binary_client_server.py::test_binary_client_server_case[py-614] PASSED [ 10%]
test_binary_client_server.py::test_binary_client_server_case[py-615] PASSED [ 10%]
test_binary_client_server.py::test_binary_client_server_case[py-616] PASSED [ 10%]
test_binary_client_server.py::test_binary_client_server_case[py-617] PASSED [ 10%]
test_binary_client_server.py::test_binary_client_server_case[py-618] PASSED [ 10%]
test_binary_client_server.py::test_binary_client_server_case[py-619] PASSED [ 10%]
test_binary_client_server.py::test_binary_client_server_case[py-620] PASSED [ 10%]
test_binary_client_server.py::test_binary_client_server_case[py-621] PASSED [ 10%]
test_binary_client_server.py::test_binary_client_server_case[py-622] PASSED [ 10%]
test_binary_client_server.py::test_binary_client_server_case[py-623] PASSED [ 10%]
test_binary_client_server.py::test_binary_client_server_case[py-624] PASSED [ 10%]
test_binary_client_server.py::test_binary_client_server_case[py-625] PASSED [ 10%]
test_binary_client_server.py::test_binary_client_server_case[py-626] PASSED [ 10%]
test_binary_client_server.py::test_binary_client_server_case[py-627] PASSED [ 10%]
test_binary_client_server.py::test_binary_client_server_case[py-628] PASSED [ 10%]
test_binary_client_server.py::test_binary_client_server_case[py-629] PASSED [ 10%]
test_binary_client_server.py::test_binary_client_server_case[py-630] PASSED [ 10%]
test_binary_client_server.py::test_binary_client_server_case[py-631] PASSED [ 10%]
test_binary_client_server.py::test_binary_client_server_case[py-632] PASSED [ 10%]
test_binary_client_server.py::test_binary_client_server_case[py-633] PASSED [ 10%]
test_binary_client_server.py::test_binary_client_server_case[py-634] PASSED [ 10%]
test_binary_client_server.py::test_binary_client_server_case[py-635] PASSED [ 10%]
test_binary_client_server.py::test_binary_client_server_case[py-636] PASSED [ 10%]
test_binary_client_server.py::test_binary_client_server_case[py-637] PASSED [ 10%]
test_binary_client_server.py::test_binary_client_server_case[py-638] PASSED [ 10%]
test_binary_client_server.py::test_binary_client_server_case[py-639] PASSED [ 10%]
test_binary_client_server.py::test_binary_client_server_case[py-640] PASSED [ 10%]
test_binary_client_server.py::test_binary_client_server_case[py-641] PASSED [ 10%]
test_binary_client_server.py::test_binary_client_server_case[py-642] PASSED [ 10%]
test_binary_client_server.py::test_binary_client_server_case[py-643] PASSED [ 10%]
test_binary_client_server.py::test_binary_client_server_case[py-644] PASSED [ 10%]
test_binary_client_server.py::test_binary_client_server_case[py-645] PASSED [ 10%]
test_binary_client_server.py::test_binary_client_server_case[py-646] PASSED [ 10%]
test_binary_client_server.py::test_binary_client_server_case[py-647] PASSED [ 10%]
test_binary_client_server.py::test_binary_client_server_case[py-648] PASSED [ 10%]
test_binary_client_server.py::test_binary_client_server_case[py-649] PASSED [ 11%]
test_binary_client_server.py::test_binary_client_server_case[py-650] PASSED [ 11%]
test_binary_client_server.py::test_binary_client_server_case[py-651] PASSED [ 11%]
test_binary_client_server.py::test_binary_client_server_case[py-652] PASSED [ 11%]
test_binary_client_server.py::test_binary_client_server_case[py-653] PASSED [ 11%]
test_binary_client_server.py::test_binary_client_server_case[py-654] PASSED [ 11%]
test_binary_client_server.py::test_binary_client_server_case[py-655] PASSED [ 11%]
test_binary_client_server.py::test_binary_client_server_case[py-656] PASSED [ 11%]
test_binary_client_server.py::test_binary_client_server_case[py-657] PASSED [ 11%]
test_binary_client_server.py::test_binary_client_server_case[py-658] PASSED [ 11%]
test_binary_client_server.py::test_binary_client_server_case[py-659] PASSED [ 11%]
test_binary_client_server.py::test_binary_client_server_case[py-660] PASSED [ 11%]
test_binary_client_server.py::test_binary_client_server_case[py-661] PASSED [ 11%]
test_binary_client_server.py::test_binary_client_server_case[py-662] PASSED [ 11%]
test_binary_client_server.py::test_binary_client_server_case[py-663] PASSED [ 11%]
test_binary_client_server.py::test_binary_client_server_case[py-664] PASSED [ 11%]
test_binary_client_server.py::test_binary_client_server_case[py-665] PASSED [ 11%]
test_binary_client_server.py::test_binary_client_server_case[py-666] PASSED [ 11%]
test_binary_client_server.py::test_binary_client_server_case[py-667] PASSED [ 11%]
test_binary_client_server.py::test_binary_client_server_case[py-668] PASSED [ 11%]
test_binary_client_server.py::test_binary_client_server_case[py-669] PASSED [ 11%]
test_binary_client_server.py::test_binary_client_server_case[py-670] PASSED [ 11%]
test_binary_client_server.py::test_binary_client_server_case[py-671] PASSED [ 11%]
test_binary_client_server.py::test_binary_client_server_case[py-672] PASSED [ 11%]
test_binary_client_server.py::test_binary_client_server_case[py-673] PASSED [ 11%]
test_binary_client_server.py::test_binary_client_server_case[py-674] PASSED [ 11%]
test_binary_client_server.py::test_binary_client_server_case[py-675] PASSED [ 11%]
test_binary_client_server.py::test_binary_client_server_case[py-676] PASSED [ 11%]
test_binary_client_server.py::test_binary_client_server_case[py-677] PASSED [ 11%]
test_binary_client_server.py::test_binary_client_server_case[py-678] PASSED [ 11%]
test_binary_client_server.py::test_binary_client_server_case[py-679] PASSED [ 11%]
test_binary_client_server.py::test_binary_client_server_case[py-680] PASSED [ 11%]
test_binary_client_server.py::test_binary_client_server_case[py-681] PASSED [ 11%]
test_binary_client_server.py::test_binary_client_server_case[py-682] PASSED [ 11%]
test_binary_client_server.py::test_binary_client_server_case[py-683] PASSED [ 11%]
test_binary_client_server.py::test_binary_client_server_case[py-684] PASSED [ 11%]
test_binary_client_server.py::test_binary_client_server_case[py-685] PASSED [ 11%]
test_binary_client_server.py::test_binary_client_server_case[py-686] PASSED [ 11%]
test_binary_client_server.py::test_binary_client_server_case[py-687] PASSED [ 11%]
test_binary_client_server.py::test_binary_client_server_case[py-688] PASSED [ 11%]
test_binary_client_server.py::test_binary_client_server_case[py-689] PASSED [ 11%]
test_binary_client_server.py::test_binary_client_server_case[py-690] PASSED [ 11%]
test_binary_client_server.py::test_binary_client_server_case[py-691] PASSED [ 11%]
test_binary_client_server.py::test_binary_client_server_case[py-692] PASSED [ 11%]
test_binary_client_server.py::test_binary_client_server_case[py-693] PASSED [ 11%]
test_binary_client_server.py::test_binary_client_server_case[py-694] PASSED [ 11%]
test_binary_client_server.py::test_binary_client_server_case[py-695] PASSED [ 11%]
test_binary_client_server.py::test_binary_client_server_case[py-696] PASSED [ 11%]
test_binary_client_server.py::test_binary_client_server_case[py-697] PASSED [ 11%]
test_binary_client_server.py::test_binary_client_server_case[py-698] PASSED [ 11%]
test_binary_client_server.py::test_binary_client_server_case[py-699] PASSED [ 11%]
test_binary_client_server.py::test_binary_client_server_case[py-700] PASSED [ 11%]
test_binary_client_server.py::test_binary_client_server_case[py-701] PASSED [ 11%]
test_binary_client_server.py::test_binary_client_server_case[py-702] PASSED [ 11%]
test_binary_client_server.py::test_binary_client_server_case[py-703] PASSED [ 11%]
test_binary_client_server.py::test_binary_client_server_case[py-704] PASSED [ 11%]
test_binary_client_server.py::test_binary_client_server_case[py-705] PASSED [ 11%]
test_binary_client_server.py::test_binary_client_server_case[py-706] PASSED [ 11%]
test_binary_client_server.py::test_binary_client_server_case[py-707] PASSED [ 11%]
test_binary_client_server.py::test_binary_client_server_case[py-708] PASSED [ 11%]
test_binary_client_server.py::test_binary_client_server_case[py-709] PASSED [ 11%]
test_binary_client_server.py::test_binary_client_server_case[py-710] PASSED [ 12%]
test_binary_client_server.py::test_binary_client_server_case[py-711] PASSED [ 12%]
test_binary_client_server.py::test_binary_client_server_case[py-712] PASSED [ 12%]
test_binary_client_server.py::test_binary_client_server_case[py-713] PASSED [ 12%]
test_binary_client_server.py::test_binary_client_server_case[py-714] PASSED [ 12%]
test_binary_client_server.py::test_binary_client_server_case[py-715] PASSED [ 12%]
test_binary_client_server.py::test_binary_client_server_case[py-716] PASSED [ 12%]
test_binary_client_server.py::test_binary_client_server_case[py-717] PASSED [ 12%]
test_binary_client_server.py::test_binary_client_server_case[py-718] PASSED [ 12%]
test_binary_client_server.py::test_binary_client_server_case[py-719] PASSED [ 12%]
test_binary_client_server.py::test_binary_client_server_case[py-720] PASSED [ 12%]
test_binary_client_server.py::test_binary_client_server_case[py-721] PASSED [ 12%]
test_binary_client_server.py::test_binary_client_server_case[py-722] PASSED [ 12%]
test_binary_client_server.py::test_binary_client_server_case[py-723] PASSED [ 12%]
test_binary_client_server.py::test_binary_client_server_case[py-724] PASSED [ 12%]
test_binary_client_server.py::test_binary_client_server_case[py-725] PASSED [ 12%]
test_binary_client_server.py::test_binary_client_server_case[py-726] PASSED [ 12%]
test_binary_client_server.py::test_binary_client_server_case[py-727] PASSED [ 12%]
test_binary_client_server.py::test_binary_client_server_case[py-728] PASSED [ 12%]
test_binary_client_server.py::test_binary_client_server_case[py-729] PASSED [ 12%]
test_binary_client_server.py::test_binary_client_server_case[py-730] PASSED [ 12%]
test_binary_client_server.py::test_binary_client_server_case[py-731] PASSED [ 12%]
test_binary_client_server.py::test_binary_client_server_case[py-732] PASSED [ 12%]
test_binary_client_server.py::test_binary_client_server_case[py-733] PASSED [ 12%]
test_binary_client_server.py::test_binary_client_server_case[py-734] PASSED [ 12%]
test_binary_client_server.py::test_binary_client_server_case[py-735] PASSED [ 12%]
test_binary_client_server.py::test_binary_client_server_case[py-736] PASSED [ 12%]
test_binary_client_server.py::test_binary_client_server_case[py-737] PASSED [ 12%]
test_binary_client_server.py::test_binary_client_server_case[py-738] PASSED [ 12%]
test_binary_client_server.py::test_binary_client_server_case[py-739] PASSED [ 12%]
test_binary_client_server.py::test_binary_client_server_case[py-740] PASSED [ 12%]
test_binary_client_server.py::test_binary_client_server_case[py-741] PASSED [ 12%]
test_binary_client_server.py::test_binary_client_server_case[py-742] PASSED [ 12%]
test_binary_client_server.py::test_binary_client_server_case[py-743] PASSED [ 12%]
test_binary_client_server.py::test_binary_client_server_case[py-744] PASSED [ 12%]
test_binary_client_server.py::test_binary_client_server_case[py-745] PASSED [ 12%]
test_binary_client_server.py::test_binary_client_server_case[py-746] PASSED [ 12%]
test_binary_client_server.py::test_binary_client_server_case[py-747] PASSED [ 12%]
test_binary_client_server.py::test_binary_client_server_case[py-748] PASSED [ 12%]
test_binary_client_server.py::test_binary_client_server_case[py-749] PASSED [ 12%]
test_binary_client_server.py::test_binary_client_server_case[py-750] PASSED [ 12%]
test_binary_client_server.py::test_binary_client_server_case[py-751] PASSED [ 12%]
test_binary_client_server.py::test_binary_client_server_case[py-752] PASSED [ 12%]
test_binary_client_server.py::test_binary_client_server_case[py-753] PASSED [ 12%]
test_binary_client_server.py::test_binary_client_server_case[py-754] PASSED [ 12%]
test_binary_client_server.py::test_binary_client_server_case[py-755] PASSED [ 12%]
test_binary_client_server.py::test_binary_client_server_case[py-756] PASSED [ 12%]
test_binary_client_server.py::test_binary_client_server_case[py-757] PASSED [ 12%]
test_binary_client_server.py::test_binary_client_server_case[py-758] PASSED [ 12%]
test_binary_client_server.py::test_binary_client_server_case[py-759] PASSED [ 12%]
test_binary_client_server.py::test_binary_client_server_case[py-760] PASSED [ 12%]
test_binary_client_server.py::test_binary_client_server_case[py-761] PASSED [ 12%]
test_binary_client_server.py::test_binary_client_server_case[py-762] PASSED [ 12%]
test_binary_client_server.py::test_binary_client_server_case[py-763] PASSED [ 12%]
test_binary_client_server.py::test_binary_client_server_case[py-764] PASSED [ 12%]
test_binary_client_server.py::test_binary_client_server_case[py-765] PASSED [ 12%]
test_binary_client_server.py::test_binary_client_server_case[py-766] PASSED [ 12%]
test_binary_client_server.py::test_binary_client_server_case[py-767] PASSED [ 12%]
test_binary_client_server.py::test_binary_client_server_case[py-768] PASSED [ 12%]
test_binary_client_server.py::test_binary_client_server_case[py-769] PASSED [ 12%]
test_binary_client_server.py::test_binary_client_server_case[py-770] PASSED [ 13%]
test_binary_client_server.py::test_binary_client_server_case[py-771] PASSED [ 13%]
test_binary_client_server.py::test_binary_client_server_case[py-772] PASSED [ 13%]
test_binary_client_server.py::test_binary_client_server_case[py-773] PASSED [ 13%]
test_binary_client_server.py::test_binary_client_server_case[py-774] PASSED [ 13%]
test_binary_client_server.py::test_binary_client_server_case[py-775] PASSED [ 13%]
test_binary_client_server.py::test_binary_client_server_case[py-776] PASSED [ 13%]
test_binary_client_server.py::test_binary_client_server_case[py-777] PASSED [ 13%]
test_binary_client_server.py::test_binary_client_server_case[py-778] PASSED [ 13%]
test_binary_client_server.py::test_binary_client_server_case[py-779] PASSED [ 13%]
test_binary_client_server.py::test_binary_client_server_case[py-780] PASSED [ 13%]
test_binary_client_server.py::test_binary_client_server_case[py-781] PASSED [ 13%]
test_binary_client_server.py::test_binary_client_server_case[py-782] PASSED [ 13%]
test_binary_client_server.py::test_binary_client_server_case[py-783] PASSED [ 13%]
test_binary_client_server.py::test_binary_client_server_case[py-784] PASSED [ 13%]
test_binary_client_server.py::test_binary_client_server_case[py-785] PASSED [ 13%]
test_binary_client_server.py::test_binary_client_server_case[py-786] PASSED [ 13%]
test_binary_client_server.py::test_binary_client_server_case[py-787] PASSED [ 13%]
test_binary_client_server.py::test_binary_client_server_case[py-788] PASSED [ 13%]
test_binary_client_server.py::test_binary_client_server_case[py-789] PASSED [ 13%]
test_binary_client_server.py::test_binary_client_server_case[py-790] PASSED [ 13%]
test_binary_client_server.py::test_binary_client_server_case[py-791] PASSED [ 13%]
test_binary_client_server.py::test_binary_client_server_case[py-792] PASSED [ 13%]
test_binary_client_server.py::test_binary_client_server_case[py-793] PASSED [ 13%]
test_binary_client_server.py::test_binary_client_server_case[py-794] PASSED [ 13%]
test_binary_client_server.py::test_binary_client_server_case[py-795] PASSED [ 13%]
test_binary_client_server.py::test_binary_client_server_case[py-796] PASSED [ 13%]
test_binary_client_server.py::test_binary_client_server_case[py-797] PASSED [ 13%]
test_binary_client_server.py::test_binary_client_server_case[py-798] PASSED [ 13%]
test_binary_client_server.py::test_binary_client_server_case[py-799] PASSED [ 13%]
test_binary_client_server.py::test_binary_client_server_case[py-800] PASSED [ 13%]
test_binary_client_server.py::test_binary_client_server_case[py-801] PASSED [ 13%]
test_binary_client_server.py::test_binary_client_server_case[py-802] PASSED [ 13%]
test_binary_client_server.py::test_binary_client_server_case[py-803] PASSED [ 13%]
test_binary_client_server.py::test_binary_client_server_case[py-804] PASSED [ 13%]
test_binary_client_server.py::test_binary_client_server_case[py-805] PASSED [ 13%]
test_binary_client_server.py::test_binary_client_server_case[py-806] PASSED [ 13%]
test_binary_client_server.py::test_binary_client_server_case[py-807] PASSED [ 13%]
test_binary_client_server.py::test_binary_client_server_case[py-808] PASSED [ 13%]
test_binary_client_server.py::test_binary_client_server_case[py-809] PASSED [ 13%]
test_binary_client_server.py::test_binary_client_server_case[py-810] PASSED [ 13%]
test_binary_client_server.py::test_binary_client_server_case[py-811] PASSED [ 13%]
test_binary_client_server.py::test_binary_client_server_case[py-812] PASSED [ 13%]
test_binary_client_server.py::test_binary_client_server_case[py-813] PASSED [ 13%]
test_binary_client_server.py::test_binary_client_server_case[py-814] PASSED [ 13%]
test_binary_client_server.py::test_binary_client_server_case[py-815] PASSED [ 13%]
test_binary_client_server.py::test_binary_client_server_case[py-816] PASSED [ 13%]
test_binary_client_server.py::test_binary_client_server_case[py-817] PASSED [ 13%]
test_binary_client_server.py::test_binary_client_server_case[py-818] PASSED [ 13%]
test_binary_client_server.py::test_binary_client_server_case[py-819] PASSED [ 13%]
test_binary_client_server.py::test_binary_client_server_case[py-820] PASSED [ 13%]
test_binary_client_server.py::test_binary_client_server_case[py-821] PASSED [ 13%]
test_binary_client_server.py::test_binary_client_server_case[py-822] PASSED [ 13%]
test_binary_client_server.py::test_binary_client_server_case[py-823] PASSED [ 13%]
test_binary_client_server.py::test_binary_client_server_case[py-824] PASSED [ 13%]
test_binary_client_server.py::test_binary_client_server_case[py-825] PASSED [ 13%]
test_binary_client_server.py::test_binary_client_server_case[py-826] PASSED [ 13%]
test_binary_client_server.py::test_binary_client_server_case[py-827] PASSED [ 13%]
test_binary_client_server.py::test_binary_client_server_case[py-828] PASSED [ 13%]
test_binary_client_server.py::test_binary_client_server_case[py-829] PASSED [ 13%]
test_binary_client_server.py::test_binary_client_server_case[py-830] PASSED [ 13%]
test_binary_client_server.py::test_binary_client_server_case[py-831] PASSED [ 14%]
test_binary_client_server.py::test_binary_client_server_case[py-832] PASSED [ 14%]
test_binary_client_server.py::test_binary_client_server_case[py-833] PASSED [ 14%]
test_binary_client_server.py::test_binary_client_server_case[py-834] PASSED [ 14%]
test_binary_client_server.py::test_binary_client_server_case[py-835] PASSED [ 14%]
test_binary_client_server.py::test_binary_client_server_case[py-836] PASSED [ 14%]
test_binary_client_server.py::test_binary_client_server_case[py-837] PASSED [ 14%]
test_binary_client_server.py::test_binary_client_server_case[py-838] PASSED [ 14%]
test_binary_client_server.py::test_binary_client_server_case[py-839] PASSED [ 14%]
test_binary_client_server.py::test_binary_client_server_case[py-840] PASSED [ 14%]
test_binary_client_server.py::test_binary_client_server_case[py-841] PASSED [ 14%]
test_binary_client_server.py::test_binary_client_server_case[py-842] PASSED [ 14%]
test_binary_client_server.py::test_binary_client_server_case[py-843] PASSED [ 14%]
test_binary_client_server.py::test_binary_client_server_case[py-844] PASSED [ 14%]
test_binary_client_server.py::test_binary_client_server_case[py-845] PASSED [ 14%]
test_binary_client_server.py::test_binary_client_server_case[py-846] PASSED [ 14%]
test_binary_client_server.py::test_binary_client_server_case[py-847] PASSED [ 14%]
test_binary_client_server.py::test_binary_client_server_case[py-848] PASSED [ 14%]
test_binary_client_server.py::test_binary_client_server_case[py-849] PASSED [ 14%]
test_binary_client_server.py::test_binary_client_server_case[py-850] PASSED [ 14%]
test_binary_client_server.py::test_binary_client_server_case[py-851] PASSED [ 14%]
test_binary_client_server.py::test_binary_client_server_case[py-852] PASSED [ 14%]
test_binary_client_server.py::test_binary_client_server_case[py-853] PASSED [ 14%]
test_binary_client_server.py::test_binary_client_server_case[py-854] PASSED [ 14%]
test_binary_client_server.py::test_binary_client_server_case[py-855] PASSED [ 14%]
test_binary_client_server.py::test_binary_client_server_case[py-856] PASSED [ 14%]
test_binary_client_server.py::test_binary_client_server_case[py-857] PASSED [ 14%]
test_binary_client_server.py::test_binary_client_server_case[py-858] PASSED [ 14%]
test_binary_client_server.py::test_binary_client_server_case[py-859] PASSED [ 14%]
test_binary_client_server.py::test_binary_client_server_case[py-860] PASSED [ 14%]
test_binary_client_server.py::test_binary_client_server_case[py-861] PASSED [ 14%]
test_binary_client_server.py::test_binary_client_server_case[py-862] PASSED [ 14%]
test_binary_client_server.py::test_binary_client_server_case[py-863] PASSED [ 14%]
test_binary_client_server.py::test_binary_client_server_case[py-864] PASSED [ 14%]
test_binary_client_server.py::test_binary_client_server_case[py-865] PASSED [ 14%]
test_binary_client_server.py::test_binary_client_server_case[py-866] PASSED [ 14%]
test_binary_client_server.py::test_binary_client_server_case[py-867] PASSED [ 14%]
test_binary_client_server.py::test_binary_client_server_case[py-868] PASSED [ 14%]
test_binary_client_server.py::test_binary_client_server_case[py-869] PASSED [ 14%]
test_binary_client_server.py::test_binary_client_server_case[py-870] PASSED [ 14%]
test_binary_client_server.py::test_binary_client_server_case[py-871] PASSED [ 14%]
test_binary_client_server.py::test_binary_client_server_case[py-872] PASSED [ 14%]
test_binary_client_server.py::test_binary_client_server_case[py-873] PASSED [ 14%]
test_binary_client_server.py::test_binary_client_server_case[py-874] PASSED [ 14%]
test_binary_client_server.py::test_binary_client_server_case[py-875] PASSED [ 14%]
test_binary_client_server.py::test_binary_client_server_case[py-876] PASSED [ 14%]
test_binary_client_server.py::test_binary_client_server_case[py-877] PASSED [ 14%]
test_binary_client_server.py::test_binary_client_server_case[py-878] PASSED [ 14%]
test_binary_client_server.py::test_binary_client_server_case[py-879] PASSED [ 14%]
test_binary_client_server.py::test_binary_client_server_case[py-880] PASSED [ 14%]
test_binary_client_server.py::test_binary_client_server_case[py-881] PASSED [ 14%]
test_binary_client_server.py::test_binary_client_server_case[py-882] PASSED [ 14%]
test_binary_client_server.py::test_binary_client_server_case[py-883] PASSED [ 14%]
test_binary_client_server.py::test_binary_client_server_case[py-884] PASSED [ 14%]
test_binary_client_server.py::test_binary_client_server_case[py-885] PASSED [ 14%]
test_binary_client_server.py::test_binary_client_server_case[py-886] PASSED [ 14%]
test_binary_client_server.py::test_binary_client_server_case[py-887] PASSED [ 14%]
test_binary_client_server.py::test_binary_client_server_case[py-888] PASSED [ 14%]
test_binary_client_server.py::test_binary_client_server_case[py-889] PASSED [ 14%]
test_binary_client_server.py::test_binary_client_server_case[py-890] PASSED [ 14%]
test_binary_client_server.py::test_binary_client_server_case[py-891] PASSED [ 15%]
test_binary_client_server.py::test_binary_client_server_case[py-892] PASSED [ 15%]
test_binary_client_server.py::test_binary_client_server_case[py-893] PASSED [ 15%]
test_binary_client_server.py::test_binary_client_server_case[py-894] PASSED [ 15%]
test_binary_client_server.py::test_binary_client_server_case[py-895] PASSED [ 15%]
test_binary_client_server.py::test_binary_client_server_case[py-896] PASSED [ 15%]
test_binary_client_server.py::test_binary_client_server_case[py-897] PASSED [ 15%]
test_binary_client_server.py::test_binary_client_server_case[py-898] PASSED [ 15%]
test_binary_client_server.py::test_binary_client_server_case[py-899] PASSED [ 15%]
test_binary_client_server.py::test_binary_client_server_case[py-900] PASSED [ 15%]
test_binary_client_server.py::test_binary_client_server_case[py-901] PASSED [ 15%]
test_binary_client_server.py::test_binary_client_server_case[py-902] PASSED [ 15%]
test_binary_client_server.py::test_binary_client_server_case[py-903] PASSED [ 15%]
test_binary_client_server.py::test_binary_client_server_case[py-904] PASSED [ 15%]
test_binary_client_server.py::test_binary_client_server_case[py-905] PASSED [ 15%]
test_binary_client_server.py::test_binary_client_server_case[py-906] PASSED [ 15%]
test_binary_client_server.py::test_binary_client_server_case[py-907] PASSED [ 15%]
test_binary_client_server.py::test_binary_client_server_case[py-908] PASSED [ 15%]
test_binary_client_server.py::test_binary_client_server_case[py-909] PASSED [ 15%]
test_binary_client_server.py::test_binary_client_server_case[py-910] PASSED [ 15%]
test_binary_client_server.py::test_binary_client_server_case[py-911] PASSED [ 15%]
test_binary_client_server.py::test_binary_client_server_case[py-912] PASSED [ 15%]
test_binary_client_server.py::test_binary_client_server_case[py-913] PASSED [ 15%]
test_binary_client_server.py::test_binary_client_server_case[py-914] PASSED [ 15%]
test_binary_client_server.py::test_binary_client_server_case[py-915] PASSED [ 15%]
test_binary_client_server.py::test_binary_client_server_case[py-916] PASSED [ 15%]
test_binary_client_server.py::test_binary_client_server_case[py-917] PASSED [ 15%]
test_binary_client_server.py::test_binary_client_server_case[py-918] PASSED [ 15%]
test_binary_client_server.py::test_binary_client_server_case[py-919] PASSED [ 15%]
test_binary_client_server.py::test_binary_client_server_case[py-920] PASSED [ 15%]
test_binary_client_server.py::test_binary_client_server_case[py-921] PASSED [ 15%]
test_binary_client_server.py::test_binary_client_server_case[py-922] PASSED [ 15%]
test_binary_client_server.py::test_binary_client_server_case[py-923] PASSED [ 15%]
test_binary_client_server.py::test_binary_client_server_case[py-924] PASSED [ 15%]
test_binary_client_server.py::test_binary_client_server_case[py-925] PASSED [ 15%]
test_binary_client_server.py::test_binary_client_server_case[py-926] PASSED [ 15%]
test_binary_client_server.py::test_binary_client_server_case[py-927] PASSED [ 15%]
test_binary_client_server.py::test_binary_client_server_case[py-928] PASSED [ 15%]
test_binary_client_server.py::test_binary_client_server_case[py-929] PASSED [ 15%]
test_binary_client_server.py::test_binary_client_server_case[py-930] PASSED [ 15%]
test_binary_client_server.py::test_binary_client_server_case[py-931] PASSED [ 15%]
test_binary_client_server.py::test_binary_client_server_case[py-932] PASSED [ 15%]
test_binary_client_server.py::test_binary_client_server_case[py-933] PASSED [ 15%]
test_binary_client_server.py::test_binary_client_server_case[py-934] PASSED [ 15%]
test_binary_client_server.py::test_binary_client_server_case[py-935] PASSED [ 15%]
test_binary_client_server.py::test_binary_client_server_case[py-936] PASSED [ 15%]
test_binary_client_server.py::test_binary_client_server_case[py-937] PASSED [ 15%]
test_binary_client_server.py::test_binary_client_server_case[py-938] PASSED [ 15%]
test_binary_client_server.py::test_binary_client_server_case[py-939] PASSED [ 15%]
test_binary_client_server.py::test_binary_client_server_case[py-940] PASSED [ 15%]
test_binary_client_server.py::test_binary_client_server_case[py-941] PASSED [ 15%]
test_binary_client_server.py::test_binary_client_server_case[py-942] PASSED [ 15%]
test_binary_client_server.py::test_binary_client_server_case[py-943] PASSED [ 15%]
test_binary_client_server.py::test_binary_client_server_case[py-944] PASSED [ 15%]
[...]
test_binary_client_server.py::test_binary_client_server_case[go-1260] PASSED [ 96%]
test_binary_client_server.py::test_binary_client_server_case[go-1261] PASSED [ 96%]
test_binary_client_server.py::test_binary_client_server_case[go-1262] PASSED [ 96%]
test_binary_client_server.py::test_binary_client_server_case[go-1263] PASSED [ 96%]
test_binary_client_server.py::test_binary_client_server_case[go-1264] PASSED [ 96%]
test_binary_client_server.py::test_binary_client_server_case[go-1265] PASSED [ 96%]
test_binary_client_server.py::test_binary_client_server_case[go-1266] PASSED [ 96%]
test_binary_client_server.py::test_binary_client_server_case[go-1267] PASSED [ 96%]
test_binary_client_server.py::test_binary_client_server_case[go-1268] PASSED [ 96%]
test_binary_client_server.py::test_binary_client_server_case[go-1269] PASSED [ 96%]
test_binary_client_server.py::test_binary_client_server_case[go-1270] PASSED [ 96%]
test_binary_client_server.py::test_binary_client_server_case[go-1271] PASSED [ 96%]
test_binary_client_server.py::test_binary_client_server_case[go-1272] PASSED [ 96%]
test_binary_client_server.py::test_binary_client_server_case[go-1273] PASSED [ 96%]
test_binary_client_server.py::test_binary_client_server_case[go-1274] PASSED [ 96%]
test_binary_client_server.py::test_binary_client_server_case[go-1275] PASSED [ 96%]
test_binary_client_server.py::test_binary_client_server_case[go-1276] PASSED [ 96%]
test_binary_client_server.py::test_binary_client_server_case[go-1277] PASSED [ 96%]
test_binary_client_server.py::test_binary_client_server_case[go-1278] PASSED [ 96%]
test_binary_client_server.py::test_binary_client_server_case[go-1279] PASSED [ 96%]
test_binary_client_server.py::test_binary_client_server_case[go-1280] PASSED [ 96%]
test_binary_client_server.py::test_binary_client_server_case[go-1281] PASSED [ 96%]
test_binary_client_server.py::test_binary_client_server_case[go-1282] PASSED [ 96%]
test_binary_client_server.py::test_binary_client_server_case[go-1283] PASSED [ 96%]
test_binary_client_server.py::test_binary_client_server_case[go-1284] PASSED [ 96%]
test_binary_client_server.py::test_binary_client_server_case[go-1285] PASSED [ 96%]
test_binary_client_server.py::test_binary_client_server_case[go-1286] PASSED [ 96%]
test_binary_client_server.py::test_binary_client_server_case[go-1287] PASSED [ 96%]
test_binary_client_server.py::test_binary_client_server_case[go-1288] PASSED [ 96%]
test_binary_client_server.py::test_binary_client_server_case[go-1289] PASSED [ 96%]
test_binary_client_server.py::test_binary_client_server_case[go-1290] PASSED [ 96%]
test_binary_client_server.py::test_binary_client_server_case[go-1291] PASSED [ 96%]
test_binary_client_server.py::test_binary_client_server_case[go-1292] PASSED [ 96%]
test_binary_client_server.py::test_binary_client_server_case[go-1293] PASSED [ 96%]
test_binary_client_server.py::test_binary_client_server_case[go-1294] PASSED [ 96%]
test_binary_client_server.py::test_binary_client_server_case[go-1295] PASSED [ 96%]
test_binary_client_server.py::test_binary_client_server_case[go-1296] PASSED [ 96%]
test_binary_client_server.py::test_binary_client_server_case[go-1297] PASSED [ 96%]
test_binary_client_server.py::test_binary_client_server_case[go-1298] PASSED [ 96%]
test_binary_client_server.py::test_binary_client_server_case[go-1299] PASSED [ 96%]
test_binary_client_server.py::test_binary_client_server_case[go-1300] PASSED [ 96%]
test_binary_client_server.py::test_binary_client_server_case[go-1301] PASSED [ 96%]
test_binary_client_server.py::test_binary_client_server_case[go-1302] PASSED [ 96%]
test_binary_client_server.py::test_binary_client_server_case[go-1303] PASSED [ 96%]
test_binary_client_server.py::test_binary_client_server_case[go-1304] PASSED [ 96%]
test_binary_client_server.py::test_binary_client_server_case[go-1305] PASSED [ 96%]
test_binary_client_server.py::test_binary_client_server_case[go-1306] PASSED [ 96%]
test_binary_client_server.py::test_binary_client_server_case[go-1307] PASSED [ 96%]
test_binary_client_server.py::test_binary_client_server_case[go-1308] PASSED [ 96%]
test_binary_client_server.py::test_binary_client_server_case[go-1309] PASSED [ 96%]
test_binary_client_server.py::test_binary_client_server_case[go-1310] PASSED [ 96%]
test_binary_client_server.py::test_binary_client_server_case[go-1311] PASSED [ 96%]
test_binary_client_server.py::test_binary_client_server_case[go-1312] PASSED [ 96%]
test_binary_client_server.py::test_binary_client_server_case[go-1313] PASSED [ 96%]
test_binary_client_server.py::test_binary_client_server_case[go-1314] PASSED [ 97%]
test_binary_client_server.py::test_binary_client_server_case[go-1315] PASSED [ 97%]
test_binary_client_server.py::test_binary_client_server_case[go-1316] PASSED [ 97%]
test_binary_client_server.py::test_binary_client_server_case[go-1317] PASSED [ 97%]
test_binary_client_server.py::test_binary_client_server_case[go-1318] PASSED [ 97%]
test_binary_client_server.py::test_binary_client_server_case[go-1319] PASSED [ 97%]
test_binary_client_server.py::test_binary_client_server_case[go-1320] PASSED [ 97%]
test_binary_client_server.py::test_binary_client_server_case[go-1321] PASSED [ 97%]
test_binary_client_server.py::test_binary_client_server_case[go-1322] PASSED [ 97%]
test_binary_client_server.py::test_binary_client_server_case[go-1323] PASSED [ 97%]
test_binary_client_server.py::test_binary_client_server_case[go-1324] PASSED [ 97%]
test_binary_client_server.py::test_binary_client_server_case[go-1325] PASSED [ 97%]
test_binary_client_server.py::test_binary_client_server_case[go-1326] PASSED [ 97%]
test_binary_client_server.py::test_binary_client_server_case[go-1327] PASSED [ 97%]
test_binary_client_server.py::test_binary_client_server_case[go-1328] PASSED [ 97%]
test_binary_client_server.py::test_binary_client_server_case[go-1329] PASSED [ 97%]
test_binary_client_server.py::test_binary_client_server_case[go-1330] PASSED [ 97%]
test_binary_client_server.py::test_binary_client_server_case[go-1331] PASSED [ 97%]
test_binary_client_server.py::test_binary_client_server_case[go-1332] PASSED [ 97%]
test_binary_client_server.py::test_binary_client_server_case[go-1333] PASSED [ 97%]
test_binary_client_server.py::test_binary_client_server_case[go-1334] PASSED [ 97%]
test_binary_client_server.py::test_binary_client_server_case[go-1335] PASSED [ 97%]
test_binary_client_server.py::test_binary_client_server_case[go-1336] PASSED [ 97%]
test_binary_client_server.py::test_binary_client_server_case[go-1337] PASSED [ 97%]
test_binary_client_server.py::test_binary_client_server_case[go-1338] PASSED [ 97%]
test_binary_client_server.py::test_binary_client_server_case[go-1339] PASSED [ 97%]
test_binary_client_server.py::test_binary_client_server_case[go-1340] PASSED [ 97%]
test_binary_client_server.py::test_binary_client_server_case[go-1341] PASSED [ 97%]
test_binary_client_server.py::test_binary_client_server_case[go-1342] PASSED [ 97%]
test_binary_client_server.py::test_binary_client_server_case[go-1343] PASSED [ 97%]
test_binary_client_server.py::test_binary_client_server_case[go-1344] PASSED [ 97%]
test_binary_client_server.py::test_binary_client_server_case[go-1345] PASSED [ 97%]
test_binary_client_server.py::test_binary_client_server_case[go-1346] PASSED [ 97%]
test_binary_client_server.py::test_binary_client_server_case[go-1347] PASSED [ 97%]
test_binary_client_server.py::test_binary_client_server_case[go-1348] PASSED [ 97%]
test_binary_client_server.py::test_binary_client_server_case[go-1349] PASSED [ 97%]
test_binary_client_server.py::test_binary_client_server_case[go-1350] PASSED [ 97%]
test_binary_client_server.py::test_binary_client_server_case[go-1351] PASSED [ 97%]
test_binary_client_server.py::test_binary_client_server_case[go-1352] PASSED [ 97%]
test_binary_client_server.py::test_binary_client_server_case[go-1353] PASSED [ 97%]
test_binary_client_server.py::test_binary_client_server_case[go-1354] PASSED [ 97%]
test_binary_client_server.py::test_binary_client_server_case[go-1355] PASSED [ 97%]
test_binary_client_server.py::test_binary_client_server_case[go-1356] PASSED [ 97%]
test_binary_client_server.py::test_binary_client_server_case[go-1357] PASSED [ 97%]
test_binary_client_server.py::test_binary_client_server_case[go-1358] PASSED [ 97%]
test_binary_client_server.py::test_binary_client_server_case[go-1359] PASSED [ 97%]
test_binary_client_server.py::test_binary_client_server_case[go-1360] PASSED [ 97%]
test_binary_client_server.py::test_binary_client_server_case[go-1361] PASSED [ 97%]
test_binary_client_server.py::test_binary_client_server_case[go-1362] PASSED [ 97%]
test_binary_client_server.py::test_binary_client_server_case[go-1363] PASSED [ 97%]
test_binary_client_server.py::test_binary_client_server_case[go-1364] PASSED [ 97%]
test_binary_client_server.py::test_binary_client_server_case[go-1365] PASSED [ 97%]
test_binary_client_server.py::test_binary_client_server_case[go-1366] PASSED [ 97%]
test_binary_client_server.py::test_binary_client_server_case[go-1367] PASSED [ 97%]
test_binary_client_server.py::test_binary_client_server_case[go-1368] PASSED [ 97%]
test_binary_client_server.py::test_binary_client_server_case[go-1369] PASSED [ 97%]
test_binary_client_server.py::test_binary_client_server_case[go-1370] PASSED [ 97%]
test_binary_client_server.py::test_binary_client_server_case[go-1371] PASSED [ 97%]
test_binary_client_server.py::test_binary_client_server_case[go-1372] PASSED [ 97%]
test_binary_client_server.py::test_binary_client_server_case[go-1373] PASSED [ 97%]
test_binary_client_server.py::test_binary_client_server_case[go-1374] PASSED [ 97%]
test_binary_client_server.py::test_binary_client_server_case[go-1375] PASSED [ 98%]
test_binary_client_server.py::test_binary_client_server_case[go-1376] PASSED [ 98%]
test_binary_client_server.py::test_binary_client_server_case[go-1377] PASSED [ 98%]
test_binary_client_server.py::test_binary_client_server_case[go-1378] PASSED [ 98%]
test_binary_client_server.py::test_binary_client_server_case[go-1379] PASSED [ 98%]
test_binary_client_server.py::test_binary_client_server_case[go-1380] PASSED [ 98%]
test_binary_client_server.py::test_binary_client_server_case[go-1381] PASSED [ 98%]
test_binary_client_server.py::test_binary_client_server_case[go-1382] PASSED [ 98%]
test_binary_client_server.py::test_binary_client_server_case[go-1383] PASSED [ 98%]
test_binary_client_server.py::test_binary_client_server_case[go-1384] PASSED [ 98%]
test_binary_client_server.py::test_binary_client_server_case[go-1385] PASSED [ 98%]
test_binary_client_server.py::test_binary_client_server_case[go-1386] PASSED [ 98%]
test_binary_client_server.py::test_binary_client_server_case[go-1387] PASSED [ 98%]
test_binary_client_server.py::test_binary_client_server_case[go-1388] PASSED [ 98%]
test_binary_client_server.py::test_binary_client_server_case[go-1389] PASSED [ 98%]
test_binary_client_server.py::test_binary_client_server_case[go-1390] PASSED [ 98%]
test_binary_client_server.py::test_binary_client_server_case[go-1391] PASSED [ 98%]
test_binary_client_server.py::test_binary_client_server_case[go-1392] PASSED [ 98%]
test_binary_client_server.py::test_binary_client_server_case[go-1393] PASSED [ 98%]
test_binary_client_server.py::test_binary_client_server_case[go-1394] PASSED [ 98%]
test_binary_client_server.py::test_binary_client_server_case[go-1395] PASSED [ 98%]
test_binary_client_server.py::test_binary_client_server_case[go-1396] PASSED [ 98%]
test_binary_client_server.py::test_binary_client_server_case[go-1397] PASSED [ 98%]
test_binary_client_server.py::test_binary_client_server_case[go-1398] PASSED [ 98%]
test_binary_client_server.py::test_binary_client_server_case[go-1399] PASSED [ 98%]
test_binary_client_server.py::test_binary_client_server_case[go-1400] PASSED [ 98%]
test_binary_client_server.py::test_binary_client_server_case[go-1401] PASSED [ 98%]
test_binary_client_server.py::test_binary_client_server_case[go-1402] PASSED [ 98%]
test_binary_client_server.py::test_binary_client_server_case[go-1403] PASSED [ 98%]
test_binary_client_server.py::test_binary_client_server_case[go-1404] PASSED [ 98%]
test_binary_client_server.py::test_binary_client_server_case[go-1405] PASSED [ 98%]
test_binary_client_server.py::test_binary_client_server_case[go-1406] PASSED [ 98%]
test_binary_client_server.py::test_binary_client_server_case[go-1407] PASSED [ 98%]
test_binary_client_server.py::test_binary_client_server_case[go-1408] PASSED [ 98%]
test_binary_client_server.py::test_binary_client_server_case[go-1409] PASSED [ 98%]
test_binary_client_server.py::test_binary_client_server_case[go-1410] PASSED [ 98%]
test_binary_client_server.py::test_binary_client_server_case[go-1411] PASSED [ 98%]
test_binary_client_server.py::test_binary_client_server_case[go-1412] PASSED [ 98%]
test_binary_client_server.py::test_binary_client_server_case[go-1413] PASSED [ 98%]
test_binary_client_server.py::test_binary_client_server_case[go-1414] PASSED [ 98%]
test_binary_client_server.py::test_binary_client_server_case[go-1415] PASSED [ 98%]
test_binary_client_server.py::test_binary_client_server_case[go-1416] PASSED [ 98%]
test_binary_client_server.py::test_binary_client_server_case[go-1417] PASSED [ 98%]
test_binary_client_server.py::test_binary_client_server_case[go-1418] PASSED [ 98%]
test_binary_client_server.py::test_binary_client_server_case[go-1419] PASSED [ 98%]
test_binary_client_server.py::test_binary_client_server_case[go-1420] PASSED [ 98%]
test_binary_client_server.py::test_binary_client_server_case[go-1421] PASSED [ 98%]
test_binary_client_server.py::test_binary_client_server_case[go-1422] PASSED [ 98%]
test_binary_client_server.py::test_binary_client_server_case[go-1423] PASSED [ 98%]
test_binary_client_server.py::test_binary_client_server_case[go-1424] PASSED [ 98%]
test_binary_client_server.py::test_binary_client_server_case[go-1425] PASSED [ 98%]
test_binary_client_server.py::test_binary_client_server_case[go-1426] PASSED [ 98%]
test_binary_client_server.py::test_binary_client_server_case[go-1427] PASSED [ 98%]
test_binary_client_server.py::test_binary_client_server_case[go-1428] PASSED [ 98%]
test_binary_client_server.py::test_binary_client_server_case[go-1429] PASSED [ 98%]
test_binary_client_server.py::test_binary_client_server_case[go-1430] PASSED [ 98%]
test_binary_client_server.py::test_binary_client_server_case[go-1431] PASSED [ 98%]
test_binary_client_server.py::test_binary_client_server_case[go-1432] PASSED [ 98%]
test_binary_client_server.py::test_binary_client_server_case[go-1433] PASSED [ 98%]
test_binary_client_server.py::test_binary_client_server_case[go-1434] PASSED [ 98%]
test_binary_client_server.py::test_binary_client_server_case[go-1435] PASSED [ 99%]
test_binary_client_server.py::test_binary_client_server_case[go-1436] PASSED [ 99%]
test_binary_client_server.py::test_binary_client_server_case[go-1437] PASSED [ 99%]
test_binary_client_server.py::test_binary_client_server_case[go-1438] PASSED [ 99%]
test_binary_client_server.py::test_binary_client_server_case[go-1439] PASSED [ 99%]
test_binary_client_server.py::test_binary_client_server_case[go-1440] PASSED [ 99%]
test_binary_client_server.py::test_binary_client_server_case[go-1441] PASSED [ 99%]
test_binary_client_server.py::test_binary_client_server_case[go-1442] PASSED [ 99%]
test_binary_client_server.py::test_binary_client_server_case[go-1443] PASSED [ 99%]
test_binary_client_server.py::test_binary_client_server_case[go-1444] PASSED [ 99%]
test_binary_client_server.py::test_binary_client_server_case[go-1445] PASSED [ 99%]
test_binary_client_server.py::test_binary_client_server_case[go-1446] PASSED [ 99%]
test_binary_client_server.py::test_binary_client_server_case[go-1447] PASSED [ 99%]
test_binary_client_server.py::test_binary_client_server_case[go-1448] PASSED [ 99%]
test_binary_client_server.py::test_binary_client_server_case[go-1449] PASSED [ 99%]
test_binary_client_server.py::test_binary_client_server_case[go-1450] PASSED [ 99%]
test_binary_client_server.py::test_binary_client_server_case[go-1451] PASSED [ 99%]
test_binary_client_server.py::test_binary_client_server_case[go-1452] PASSED [ 99%]
test_binary_client_server.py::test_binary_client_server_case[go-1453] PASSED [ 99%]
test_binary_client_server.py::test_binary_client_server_case[go-1454] PASSED [ 99%]
test_binary_client_server.py::test_binary_client_server_case[go-1455] PASSED [ 99%]
test_binary_client_server.py::test_binary_client_server_case[go-1456] PASSED [ 99%]
test_binary_client_server.py::test_binary_client_server_case[go-1457] PASSED [ 99%]
test_binary_client_server.py::test_binary_client_server_case[go-1458] PASSED [ 99%]
test_binary_client_server.py::test_binary_client_server_case[go-1459] PASSED [ 99%]
test_binary_client_server.py::test_binary_client_server_case[go-1460] PASSED [ 99%]
test_binary_client_server.py::test_binary_client_server_case[go-1461] PASSED [ 99%]
test_binary_client_server.py::test_binary_client_server_case[go-1462] PASSED [ 99%]
test_binary_client_server.py::test_binary_client_server_case[go-1463] PASSED [ 99%]
test_binary_client_server.py::test_binary_client_server_case[go-1464] PASSED [ 99%]
test_binary_client_server.py::test_binary_client_server_case[go-1465] PASSED [ 99%]
test_binary_client_server.py::test_binary_client_server_case[go-1466] PASSED [ 99%]
test_binary_client_server.py::test_binary_client_server_case[go-1467] PASSED [ 99%]
test_binary_client_server.py::test_binary_client_server_case[go-1468] PASSED [ 99%]
test_binary_client_server.py::test_binary_client_server_case[go-1469] PASSED [ 99%]
test_binary_client_server.py::test_binary_client_server_case[go-1470] PASSED [ 99%]
test_binary_client_server.py::test_binary_client_server_case[go-1471] PASSED [ 99%]
test_binary_client_server.py::test_binary_client_server_case[go-1472] PASSED [ 99%]
test_binary_client_server.py::test_binary_client_server_case[go-1473] PASSED [ 99%]
test_binary_client_server.py::test_binary_client_server_case[go-1474] PASSED [ 99%]
test_binary_client_server.py::test_binary_client_server_case[go-1475] PASSED [ 99%]
test_binary_client_server.py::test_binary_client_server_case[go-1476] PASSED [ 99%]
test_binary_client_server.py::test_binary_client_server_case[go-1477] PASSED [ 99%]
test_binary_client_server.py::test_binary_client_server_case[go-1478] PASSED [ 99%]
test_binary_client_server.py::test_binary_client_server_case[go-1479] PASSED [ 99%]
test_binary_client_server.py::test_binary_client_server_case[go-1480] PASSED [ 99%]
test_binary_client_server.py::test_binary_client_server_case[go-1481] PASSED [ 99%]
test_binary_client_server.py::test_binary_client_server_case[go-1482] PASSED [ 99%]
test_binary_client_server.py::test_binary_client_server_case[go-1483] PASSED [ 99%]
test_binary_client_server.py::test_binary_client_server_case[go-1484] PASSED [ 99%]
test_binary_client_server.py::test_binary_client_server_case[go-1485] PASSED [ 99%]
test_binary_client_server.py::test_binary_client_server_case[go-1486] PASSED [ 99%]
test_binary_client_server.py::test_binary_client_server_case[go-1487] PASSED [ 99%]
test_binary_client_server.py::test_binary_client_server_case[go-1488] PASSED [ 99%]
test_binary_client_server.py::test_binary_client_server_case[go-1489] PASSED [ 99%]
test_binary_client_server.py::test_binary_client_server_case[go-1490] PASSED [ 99%]
test_binary_client_server.py::test_binary_client_server_case[go-1491] PASSED [ 99%]
test_binary_client_server.py::test_binary_client_server_case[go-1492] PASSED [ 99%]
test_binary_client_server.py::test_binary_client_server_case[go-1493] PASSED [ 99%]
test_binary_client_server.py::test_binary_client_server_case[go-1494] PASSED [ 99%]
test_cold_binary_client_server.py::test_cold_binary_client_server_multi_case[go-0] PASSED [100%]

====================== 5884 passed, 160 skipped in 31.16s ======================
